[W04] Starting (worker 4/15)
[W04] Assigned 23 / 342 orbits
  [W04]   shuf 1/5: 15 clues (66 removed) 121s
  [W04]   shuf 2/5: 16 clues (65 removed) 140s
  [W04]   shuf 3/5: 15 clues (66 removed) 78s
  [W04]   shuf 4/5: 16 clues (65 removed) 86s
  [W04]   shuf 5/5: 15 clues (66 removed) 124s
[W04] 1/23 *** NEW MIN: 15 clues *** (549s, ETA 201min)
  [W04]   shuf 1/5: 15 clues (66 removed) 72s
  [W04]   shuf 2/5: 15 clues (66 removed) 108s
  [W04]   shuf 3/5: 15 clues (66 removed) 76s
  [W04]   shuf 4/5: 15 clues (66 removed) 108s
  [W04]   shuf 5/5: 16 clues (65 removed) 112s
[W04] 2/23 -- 15 clues (best:15) (477s, ETA 180min)
  [W04]   shuf 1/5: 15 clues (66 removed) 98s
  [W04]   shuf 2/5: 15 clues (66 removed) 118s
  [W04]   shuf 3/5: 15 clues (66 removed) 57s
  [W04]   shuf 4/5: 15 clues (66 removed) 84s
  [W04]   shuf 5/5: 15 clues (66 removed) 63s
[W04] 3/23 -- 15 clues (best:15) (419s, ETA 161min)
  [W04]   shuf 1/5: 15 clues (66 removed) 53s
  [W04]   shuf 2/5: 15 clues (66 removed) 144s
  [W04]   shuf 3/5: 16 clues (65 removed) 104s
  [W04]   shuf 4/5: 16 clues (65 removed) 106s
  [W04]   shuf 5/5: 15 clues (66 removed) 98s
[W04] 4/23 -- 15 clues (best:15) (505s, ETA 155min)
  [W04]   shuf 1/5: 16 clues (65 removed) 82s
  [W04]   shuf 2/5: 15 clues (66 removed) 102s
  [W04]   shuf 3/5: 14 clues (67 removed) 75s
  [W04]   shuf 4/5: 16 clues (65 removed) 97s
  [W04]   shuf 5/5: 15 clues (66 removed) 49s
[W04] 5/23 *** NEW MIN: 14 clues *** (406s, ETA 142min)
  [W04]   shuf 1/5: 14 clues (67 removed) 98s
  [W04]   shuf 2/5: 15 clues (66 removed) 104s
  [W04]   shuf 3/5: 15 clues (66 removed) 166s
  [W04]   shuf 4/5: 14 clues (67 removed) 127s
  [W04]   shuf 5/5: 16 clues (65 removed) 139s
[W04] 6/23 -- 14 clues (best:14) (634s, ETA 142min)
  [W04]   shuf 1/5: 16 clues (65 removed) 64s
  [W04]   shuf 2/5: 16 clues (65 removed) 87s
  [W04]   shuf 3/5: 15 clues (66 removed) 85s
  [W04]   shuf 4/5: 16 clues (65 removed) 33s
  [W04]   shuf 5/5: 16 clues (65 removed) 73s
[W04] 7/23 -- 15 clues (best:14) (341s, ETA 127min)
  [W04]   shuf 1/5: 16 clues (65 removed) 20s
  [W04]   shuf 2/5: 15 clues (66 removed) 131s
  [W04]   shuf 3/5: 16 clues (65 removed) 99s
  [W04]   shuf 4/5: 16 clues (65 removed) 94s
  [W04]   shuf 5/5: 15 clues (66 removed) 117s
[W04] 8/23 -- 15 clues (best:14) (460s, ETA 119min)
  [W04]   shuf 1/5: 18 clues (63 removed) 9s
  [W04]   shuf 2/5: 18 clues (63 removed) 30s
  [W04]   shuf 3/5: 18 clues (63 removed) 6s
  [W04]   shuf 4/5: 18 clues (63 removed) 9s
  [W04]   shuf 5/5: 17 clues (64 removed) 15s
[W04] 9/23 -- 17 clues (best:14) (69s, ETA 100min)
  [W04]   shuf 1/5: 18 clues (63 removed) 25s
  [W04]   shuf 2/5: 17 clues (64 removed) 14s
  [W04]   shuf 3/5: 18 clues (63 removed) 14s
  [W04]   shuf 4/5: 17 clues (64 removed) 17s
  [W04]   shuf 5/5: 17 clues (64 removed) 18s
[W04] 10/23 -- 17 clues (best:14) (87s, ETA 86min)
  [W04]   shuf 1/5: 16 clues (65 removed) 79s
  [W04]   shuf 2/5: 16 clues (65 removed) 93s
  [W04]   shuf 3/5: 15 clues (66 removed) 107s
  [W04]   shuf 4/5: 16 clues (65 removed) 44s
  [W04]   shuf 5/5: 15 clues (66 removed) 110s
[W04] 11/23 -- 15 clues (best:14) (432s, ETA 80min)
  [W04]   shuf 1/5: 16 clues (65 removed) 64s
  [W04]   shuf 2/5: 17 clues (64 removed) 68s
  [W04]   shuf 3/5: 16 clues (65 removed) 59s
  [W04]   shuf 4/5: 15 clues (66 removed) 41s
  [W04]   shuf 5/5: 15 clues (66 removed) 104s
[W04] 12/23 -- 15 clues (best:14) (335s, ETA 72min)
  [W04]   shuf 1/5: 18 clues (63 removed) 11s
  [W04]   shuf 2/5: 19 clues (62 removed) 4s
  [W04]   shuf 3/5: 18 clues (63 removed) 7s
  [W04]   shuf 4/5: 18 clues (63 removed) 6s
  [W04]   shuf 5/5: 18 clues (63 removed) 18s
[W04] 13/23 -- 18 clues (best:14) (45s, ETA 61min)
  [W04]   shuf 1/5: 16 clues (65 removed) 82s
  [W04]   shuf 2/5: 16 clues (65 removed) 89s
  [W04]   shuf 3/5: 16 clues (65 removed) 107s
  [W04]   shuf 4/5: 15 clues (66 removed) 48s
  [W04]   shuf 5/5: 16 clues (65 removed) 86s
[W04] 14/23 -- 15 clues (best:14) (412s, ETA 56min)
  [W04]   shuf 1/5: 15 clues (66 removed) 73s
  [W04]   shuf 2/5: 15 clues (66 removed) 114s
  [W04]   shuf 3/5: 15 clues (66 removed) 30s
  [W04]   shuf 4/5: 17 clues (64 removed) 153s
  [W04]   shuf 5/5: 15 clues (66 removed) 83s
[W04] 15/23 -- 15 clues (best:14) (454s, ETA 50min)
  [W04]   shuf 1/5: 18 clues (63 removed) 12s
  [W04]   shuf 2/5: 17 clues (64 removed) 23s
  [W04]   shuf 3/5: 17 clues (64 removed) 13s
  [W04]   shuf 4/5: 17 clues (64 removed) 8s
  [W04]   shuf 5/5: 18 clues (63 removed) 17s
[W04] 16/23 -- 17 clues (best:14) (72s, ETA 42min)
  [W04]   shuf 1/5: 17 clues (64 removed) 6s
  [W04]   shuf 2/5: 18 clues (63 removed) 6s
  [W04]   shuf 3/5: 18 clues (63 removed) 6s
  [W04]   shuf 4/5: 17 clues (64 removed) 22s
  [W04]   shuf 5/5: 18 clues (63 removed) 6s
[W04] 17/23 -- 17 clues (best:14) (46s, ETA 34min)
  [W04]   shuf 1/5: 18 clues (63 removed) 10s
  [W04]   shuf 2/5: 19 clues (62 removed) 4s
  [W04]   shuf 3/5: 17 clues (64 removed) 15s
  [W04]   shuf 4/5: 19 clues (62 removed) 7s
  [W04]   shuf 5/5: 18 clues (63 removed) 6s
[W04] 18/23 -- 17 clues (best:14) (42s, ETA 27min)
  [W04]   shuf 1/5: 16 clues (65 removed) 76s
  [W04]   shuf 2/5: 16 clues (65 removed) 152s
  [W04]   shuf 3/5: 15 clues (66 removed) 113s
  [W04]   shuf 4/5: 15 clues (66 removed) 95s
  [W04]   shuf 5/5: 16 clues (65 removed) 117s
[W04] 19/23 -- 15 clues (best:14) (553s, ETA 22min)
  [W04]   shuf 1/5: 16 clues (65 removed) 81s
  [W04]   shuf 2/5: 16 clues (65 removed) 97s
  [W04]   shuf 3/5: 15 clues (66 removed) 88s
  [W04]   shuf 4/5: 16 clues (65 removed) 52s
  [W04]   shuf 5/5: 15 clues (66 removed) 99s
[W04] 20/23 -- 15 clues (best:14) (418s, ETA 17min)
  [W04]   shuf 1/5: 15 clues (66 removed) 119s
  [W04]   shuf 2/5: 15 clues (66 removed) 79s
  [W04]   shuf 3/5: 14 clues (67 removed) 66s
  [W04]   shuf 4/5: 14 clues (67 removed) 48s
  [W04]   shuf 5/5: 15 clues (66 removed) 74s
[W04] 21/23 -- 14 clues (best:14) (386s, ETA 11min)
  [W04]   shuf 1/5: 19 clues (62 removed) 6s
  [W04]   shuf 2/5: 19 clues (62 removed) 6s
  [W04]   shuf 3/5: 18 clues (63 removed) 5s
  [W04]   shuf 4/5: 19 clues (62 removed) 3s
  [W04]   shuf 5/5: 19 clues (62 removed) 9s
[W04] 22/23 -- 18 clues (best:14) (29s, ETA 5min)
  [W04]   shuf 1/5: 15 clues (66 removed) 91s
  [W04]   shuf 2/5: 14 clues (67 removed) 67s
  [W04]   shuf 3/5: 15 clues (66 removed) 84s
  [W04]   shuf 4/5: 16 clues (65 removed) 24s
  [W04]   shuf 5/5: 15 clues (66 removed) 124s
[W04] 23/23 -- 14 clues (best:14) (390s, ETA 0min)
[W04] DONE: 23 orbits, min=14 clues, in 7607s (126.8min)
