[W06] Starting (worker 6/15)
[W06] Assigned 23 / 342 orbits
  [W06]   shuf 1/5: 16 clues (65 removed) 84s
  [W06]   shuf 2/5: 16 clues (65 removed) 89s
  [W06]   shuf 3/5: 15 clues (66 removed) 98s
  [W06]   shuf 4/5: 16 clues (65 removed) 100s
  [W06]   shuf 5/5: 15 clues (66 removed) 89s
[W06] 1/23 *** NEW MIN: 15 clues *** (459s, ETA 168min)
  [W06]   shuf 1/5: 16 clues (65 removed) 84s
  [W06]   shuf 2/5: 16 clues (65 removed) 46s
  [W06]   shuf 3/5: 16 clues (65 removed) 69s
  [W06]   shuf 4/5: 16 clues (65 removed) 29s
  [W06]   shuf 5/5: 15 clues (66 removed) 16s
[W06] 2/23 -- 15 clues (best:15) (244s, ETA 124min)
  [W06]   shuf 1/5: 15 clues (66 removed) 95s
  [W06]   shuf 2/5: 15 clues (66 removed) 73s
  [W06]   shuf 3/5: 16 clues (65 removed) 111s
  [W06]   shuf 4/5: 16 clues (65 removed) 37s
  [W06]   shuf 5/5: 14 clues (67 removed) 32s
[W06] 3/23 *** NEW MIN: 14 clues *** (348s, ETA 117min)
  [W06]   shuf 1/5: 16 clues (65 removed) 95s
  [W06]   shuf 2/5: 15 clues (66 removed) 121s
  [W06]   shuf 3/5: 15 clues (66 removed) 95s
  [W06]   shuf 4/5: 16 clues (65 removed) 138s
  [W06]   shuf 5/5: 15 clues (66 removed) 64s
[W06] 4/23 -- 15 clues (best:14) (513s, ETA 124min)
  [W06]   shuf 1/5: 16 clues (65 removed) 129s
  [W06]   shuf 2/5: 16 clues (65 removed) 163s
  [W06]   shuf 3/5: 16 clues (65 removed) 139s
  [W06]   shuf 4/5: 16 clues (65 removed) 142s
  [W06]   shuf 5/5: 15 clues (66 removed) 99s
[W06] 5/23 -- 15 clues (best:14) (672s, ETA 135min)
  [W06]   shuf 1/5: 16 clues (65 removed) 81s
  [W06]   shuf 2/5: 14 clues (67 removed) 106s
  [W06]   shuf 3/5: 16 clues (65 removed) 62s
  [W06]   shuf 4/5: 15 clues (66 removed) 132s
  [W06]   shuf 5/5: 16 clues (65 removed) 20s
[W06] 6/23 -- 14 clues (best:14) (400s, ETA 125min)
  [W06]   shuf 1/5: 27 clues (54 removed) 1s
  [W06]   shuf 2/5: 27 clues (54 removed) 1s
  [W06]   shuf 3/5: 27 clues (54 removed) 1s
  [W06]   shuf 4/5: 27 clues (54 removed) 1s
  [W06]   shuf 5/5: 27 clues (54 removed) 1s
[W06] 7/23 -- 27 clues (best:14) (3s, ETA 101min)
  [W06]   shuf 1/5: 16 clues (65 removed) 21s
  [W06]   shuf 2/5: 17 clues (64 removed) 31s
  [W06]   shuf 3/5: 16 clues (65 removed) 44s
  [W06]   shuf 4/5: 15 clues (66 removed) 63s
  [W06]   shuf 5/5: 17 clues (64 removed) 8s
[W06] 8/23 -- 15 clues (best:14) (167s, ETA 88min)
  [W06]   shuf 1/5: 16 clues (65 removed) 84s
  [W06]   shuf 2/5: 15 clues (66 removed) 91s
  [W06]   shuf 3/5: 16 clues (65 removed) 84s
  [W06]   shuf 4/5: 14 clues (67 removed) 72s
  [W06]   shuf 5/5: 16 clues (65 removed) 33s
[W06] 9/23 -- 14 clues (best:14) (364s, ETA 83min)
  [W06]   shuf 1/5: 15 clues (66 removed) 78s
  [W06]   shuf 2/5: 15 clues (66 removed) 123s
  [W06]   shuf 3/5: 16 clues (65 removed) 46s
  [W06]   shuf 4/5: 15 clues (66 removed) 113s
  [W06]   shuf 5/5: 16 clues (65 removed) 88s
[W06] 10/23 -- 15 clues (best:14) (449s, ETA 79min)
  [W06]   shuf 1/5: 22 clues (59 removed) 1s
  [W06]   shuf 2/5: 22 clues (59 removed) 1s
  [W06]   shuf 3/5: 22 clues (59 removed) 1s
  [W06]   shuf 4/5: 22 clues (59 removed) 1s
  [W06]   shuf 5/5: 22 clues (59 removed) 1s
[W06] 11/23 -- 22 clues (best:14) (5s, ETA 66min)
  [W06]   shuf 1/5: 15 clues (66 removed) 82s
  [W06]   shuf 2/5: 17 clues (64 removed) 43s
  [W06]   shuf 3/5: 15 clues (66 removed) 73s
  [W06]   shuf 4/5: 15 clues (66 removed) 123s
  [W06]   shuf 5/5: 16 clues (65 removed) 27s
[W06] 12/23 -- 15 clues (best:14) (348s, ETA 61min)
  [W06]   shuf 1/5: 16 clues (65 removed) 99s
  [W06]   shuf 2/5: 16 clues (65 removed) 67s
  [W06]   shuf 3/5: 15 clues (66 removed) 87s
  [W06]   shuf 4/5: 14 clues (67 removed) 85s
  [W06]   shuf 5/5: 14 clues (67 removed) 98s
[W06] 13/23 -- 14 clues (best:14) (437s, ETA 57min)
  [W06]   shuf 1/5: 16 clues (65 removed) 44s
  [W06]   shuf 2/5: 15 clues (66 removed) 55s
  [W06]   shuf 3/5: 15 clues (66 removed) 115s
  [W06]   shuf 4/5: 15 clues (66 removed) 73s
  [W06]   shuf 5/5: 15 clues (66 removed) 115s
[W06] 14/23 -- 15 clues (best:14) (402s, ETA 52min)
  [W06]   shuf 1/5: 16 clues (65 removed) 61s
  [W06]   shuf 2/5: 16 clues (65 removed) 115s
  [W06]   shuf 3/5: 15 clues (66 removed) 91s
  [W06]   shuf 4/5: 15 clues (66 removed) 97s
  [W06]   shuf 5/5: 15 clues (66 removed) 83s
[W06] 15/23 -- 15 clues (best:14) (447s, ETA 47min)
  [W06]   shuf 1/5: 15 clues (66 removed) 127s
  [W06]   shuf 2/5: 15 clues (66 removed) 123s
  [W06]   shuf 3/5: 16 clues (65 removed) 89s
  [W06]   shuf 4/5: 15 clues (66 removed) 65s
  [W06]   shuf 5/5: 15 clues (66 removed) 108s
[W06] 16/23 -- 15 clues (best:14) (512s, ETA 42min)
  [W06]   shuf 1/5: 18 clues (63 removed) 9s
  [W06]   shuf 2/5: 18 clues (63 removed) 13s
  [W06]   shuf 3/5: 17 clues (64 removed) 19s
  [W06]   shuf 4/5: 18 clues (63 removed) 13s
  [W06]   shuf 5/5: 17 clues (64 removed) 10s
[W06] 17/23 -- 17 clues (best:14) (64s, ETA 35min)
  [W06]   shuf 1/5: 15 clues (66 removed) 54s
  [W06]   shuf 2/5: 16 clues (65 removed) 50s
  [W06]   shuf 3/5: 17 clues (64 removed) 55s
  [W06]   shuf 4/5: 17 clues (64 removed) 90s
  [W06]   shuf 5/5: 15 clues (66 removed) 90s
[W06] 18/23 -- 15 clues (best:14) (339s, ETA 29min)
  [W06]   shuf 1/5: 17 clues (64 removed) 41s
  [W06]   shuf 2/5: 16 clues (65 removed) 38s
  [W06]   shuf 3/5: 17 clues (64 removed) 21s
  [W06]   shuf 4/5: 16 clues (65 removed) 15s
  [W06]   shuf 5/5: 16 clues (65 removed) 13s
[W06] 19/23 -- 16 clues (best:14) (128s, ETA 22min)
  [W06]   shuf 1/5: 14 clues (67 removed) 77s
  [W06]   shuf 2/5: 15 clues (66 removed) 124s
  [W06]   shuf 3/5: 15 clues (66 removed) 94s
  [W06]   shuf 4/5: 15 clues (66 removed) 57s
  [W06]   shuf 5/5: 16 clues (65 removed) 82s
[W06] 20/23 -- 14 clues (best:14) (433s, ETA 17min)
  [W06]   shuf 1/5: 17 clues (64 removed) 10s
  [W06]   shuf 2/5: 18 clues (63 removed) 9s
  [W06]   shuf 3/5: 17 clues (64 removed) 7s
  [W06]   shuf 4/5: 17 clues (64 removed) 8s
  [W06]   shuf 5/5: 17 clues (64 removed) 13s
[W06] 21/23 -- 17 clues (best:14) (47s, ETA 11min)
  [W06]   shuf 1/5: 16 clues (65 removed) 93s
  [W06]   shuf 2/5: 15 clues (66 removed) 69s
  [W06]   shuf 3/5: 15 clues (66 removed) 70s
  [W06]   shuf 4/5: 15 clues (66 removed) 90s
  [W06]   shuf 5/5: 15 clues (66 removed) 134s
[W06] 22/23 -- 15 clues (best:14) (455s, ETA 6min)
  [W06]   shuf 1/5: 16 clues (65 removed) 61s
  [W06]   shuf 2/5: 16 clues (65 removed) 39s
  [W06]   shuf 3/5: 17 clues (64 removed) 25s
  [W06]   shuf 4/5: 16 clues (65 removed) 28s
  [W06]   shuf 5/5: 16 clues (65 removed) 22s
[W06] 23/23 -- 16 clues (best:14) (175s, ETA 0min)
[W06] DONE: 23 orbits, min=14 clues, in 7458s (124.3min)
