[W07] Starting (worker 7/15)
[W07] Assigned 23 / 342 orbits
  [W07]   shuf 1/5: 15 clues (66 removed) 51s
  [W07]   shuf 2/5: 15 clues (66 removed) 108s
  [W07]   shuf 3/5: 16 clues (65 removed) 100s
  [W07]   shuf 4/5: 16 clues (65 removed) 79s
  [W07]   shuf 5/5: 16 clues (65 removed) 83s
[W07] 1/23 *** NEW MIN: 15 clues *** (420s, ETA 154min)
  [W07]   shuf 1/5: 17 clues (64 removed) 20s
  [W07]   shuf 2/5: 17 clues (64 removed) 29s
  [W07]   shuf 3/5: 17 clues (64 removed) 19s
  [W07]   shuf 4/5: 17 clues (64 removed) 32s
  [W07]   shuf 5/5: 16 clues (65 removed) 75s
[W07] 2/23 -- 16 clues (best:15) (175s, ETA 105min)
  [W07]   shuf 1/5: 16 clues (65 removed) 28s
  [W07]   shuf 2/5: 15 clues (66 removed) 95s
  [W07]   shuf 3/5: 16 clues (65 removed) 99s
  [W07]   shuf 4/5: 15 clues (66 removed) 66s
  [W07]   shuf 5/5: 16 clues (65 removed) 80s
[W07] 3/23 -- 15 clues (best:15) (367s, ETA 107min)
  [W07]   shuf 1/5: 16 clues (65 removed) 59s
  [W07]   shuf 2/5: 15 clues (66 removed) 103s
  [W07]   shuf 3/5: 16 clues (65 removed) 57s
  [W07]   shuf 4/5: 15 clues (66 removed) 92s
  [W07]   shuf 5/5: 16 clues (65 removed) 105s
[W07] 4/23 -- 15 clues (best:15) (417s, ETA 110min)
  [W07]   shuf 1/5: 15 clues (66 removed) 114s
  [W07]   shuf 2/5: 16 clues (65 removed) 126s
  [W07]   shuf 3/5: 16 clues (65 removed) 142s
  [W07]   shuf 4/5: 16 clues (65 removed) 62s
  [W07]   shuf 5/5: 16 clues (65 removed) 71s
[W07] 5/23 -- 15 clues (best:15) (515s, ETA 114min)
  [W07]   shuf 1/5: 17 clues (64 removed) 14s
  [W07]   shuf 2/5: 17 clues (64 removed) 15s
  [W07]   shuf 3/5: 18 clues (63 removed) 4s
  [W07]   shuf 4/5: 17 clues (64 removed) 8s
  [W07]   shuf 5/5: 18 clues (63 removed) 9s
[W07] 6/23 -- 17 clues (best:15) (50s, ETA 92min)
  [W07]   shuf 1/5: 17 clues (64 removed) 16s
  [W07]   shuf 2/5: 17 clues (64 removed) 9s
  [W07]   shuf 3/5: 17 clues (64 removed) 9s
  [W07]   shuf 4/5: 17 clues (64 removed) 12s
  [W07]   shuf 5/5: 17 clues (64 removed) 25s
[W07] 7/23 -- 17 clues (best:15) (71s, ETA 77min)
  [W07]   shuf 1/5: 15 clues (66 removed) 71s
  [W07]   shuf 2/5: 17 clues (64 removed) 30s
  [W07]   shuf 3/5: 15 clues (66 removed) 46s
  [W07]   shuf 4/5: 17 clues (64 removed) 36s
  [W07]   shuf 5/5: 15 clues (66 removed) 41s
[W07] 8/23 -- 15 clues (best:15) (223s, ETA 70min)
  [W07]   shuf 1/5: 17 clues (64 removed) 6s
  [W07]   shuf 2/5: 17 clues (64 removed) 32s
  [W07]   shuf 3/5: 18 clues (63 removed) 12s
  [W07]   shuf 4/5: 17 clues (64 removed) 26s
  [W07]   shuf 5/5: 17 clues (64 removed) 12s
[W07] 9/23 -- 17 clues (best:15) (89s, ETA 61min)
  [W07]   shuf 1/5: 16 clues (65 removed) 161s
  [W07]   shuf 2/5: 16 clues (65 removed) 94s
  [W07]   shuf 3/5: 17 clues (64 removed) 16s
  [W07]   shuf 4/5: 16 clues (65 removed) 50s
  [W07]   shuf 5/5: 16 clues (65 removed) 42s
[W07] 10/23 -- 16 clues (best:15) (362s, ETA 59min)
  [W07]   shuf 1/5: 22 clues (59 removed) 1s
  [W07]   shuf 2/5: 22 clues (59 removed) 1s
  [W07]   shuf 3/5: 22 clues (59 removed) 1s
  [W07]   shuf 4/5: 22 clues (59 removed) 1s
  [W07]   shuf 5/5: 22 clues (59 removed) 1s
[W07] 11/23 -- 22 clues (best:15) (5s, ETA 49min)
  [W07]   shuf 1/5: 15 clues (66 removed) 163s
  [W07]   shuf 2/5: 15 clues (66 removed) 137s
  [W07]   shuf 3/5: 15 clues (66 removed) 137s
  [W07]   shuf 4/5: 16 clues (65 removed) 151s
  [W07]   shuf 5/5: 16 clues (65 removed) 154s
[W07] 12/23 -- 15 clues (best:15) (742s, ETA 53min)
  [W07]   shuf 1/5: 15 clues (66 removed) 90s
  [W07]   shuf 2/5: 15 clues (66 removed) 40s
  [W07]   shuf 3/5: 15 clues (66 removed) 102s
  [W07]   shuf 4/5: 16 clues (65 removed) 122s
  [W07]   shuf 5/5: 16 clues (65 removed) 94s
[W07] 13/23 -- 15 clues (best:15) (448s, ETA 50min)
  [W07]   shuf 1/5: 19 clues (62 removed) 9s
  [W07]   shuf 2/5: 18 clues (63 removed) 11s
  [W07]   shuf 3/5: 18 clues (63 removed) 10s
  [W07]   shuf 4/5: 18 clues (63 removed) 12s
  [W07]   shuf 5/5: 18 clues (63 removed) 4s
[W07] 14/23 -- 18 clues (best:15) (45s, ETA 42min)
  [W07]   shuf 1/5: 15 clues (66 removed) 113s
  [W07]   shuf 2/5: 16 clues (65 removed) 55s
  [W07]   shuf 3/5: 15 clues (66 removed) 74s
  [W07]   shuf 4/5: 16 clues (65 removed) 37s
  [W07]   shuf 5/5: 15 clues (66 removed) 84s
[W07] 15/23 -- 15 clues (best:15) (363s, ETA 38min)
  [W07]   shuf 1/5: 15 clues (66 removed) 47s
  [W07]   shuf 2/5: 15 clues (66 removed) 112s
  [W07]   shuf 3/5: 16 clues (65 removed) 148s
  [W07]   shuf 4/5: 16 clues (65 removed) 129s
  [W07]   shuf 5/5: 16 clues (65 removed) 96s
[W07] 16/23 -- 15 clues (best:15) (532s, ETA 35min)
  [W07]   shuf 1/5: 18 clues (63 removed) 9s
  [W07]   shuf 2/5: 19 clues (62 removed) 4s
  [W07]   shuf 3/5: 18 clues (63 removed) 9s
  [W07]   shuf 4/5: 17 clues (64 removed) 29s
  [W07]   shuf 5/5: 19 clues (62 removed) 8s
[W07] 17/23 -- 17 clues (best:15) (59s, ETA 29min)
  [W07]   shuf 1/5: 17 clues (64 removed) 9s
  [W07]   shuf 2/5: 17 clues (64 removed) 13s
  [W07]   shuf 3/5: 17 clues (64 removed) 10s
  [W07]   shuf 4/5: 17 clues (64 removed) 17s
  [W07]   shuf 5/5: 17 clues (64 removed) 24s
[W07] 18/23 -- 17 clues (best:15) (73s, ETA 23min)
  [W07]   shuf 1/5: 16 clues (65 removed) 37s
  [W07]   shuf 2/5: 17 clues (64 removed) 31s
  [W07]   shuf 3/5: 16 clues (65 removed) 22s
  [W07]   shuf 4/5: 17 clues (64 removed) 28s
  [W07]   shuf 5/5: 16 clues (65 removed) 31s
[W07] 19/23 -- 16 clues (best:15) (148s, ETA 18min)
  [W07]   shuf 1/5: 15 clues (66 removed) 41s
  [W07]   shuf 2/5: 16 clues (65 removed) 36s
  [W07]   shuf 3/5: 16 clues (65 removed) 84s
  [W07]   shuf 4/5: 17 clues (64 removed) 44s
  [W07]   shuf 5/5: 17 clues (64 removed) 79s
[W07] 20/23 -- 15 clues (best:15) (283s, ETA 14min)
  [W07]   shuf 1/5: 18 clues (63 removed) 7s
  [W07]   shuf 2/5: 17 clues (64 removed) 11s
  [W07]   shuf 3/5: 17 clues (64 removed) 10s
  [W07]   shuf 4/5: 17 clues (64 removed) 24s
  [W07]   shuf 5/5: 17 clues (64 removed) 11s
[W07] 21/23 -- 17 clues (best:15) (63s, ETA 9min)
  [W07]   shuf 1/5: 18 clues (63 removed) 11s
  [W07]   shuf 2/5: 19 clues (62 removed) 2s
  [W07]   shuf 3/5: 17 clues (64 removed) 8s
  [W07]   shuf 4/5: 17 clues (64 removed) 12s
  [W07]   shuf 5/5: 17 clues (64 removed) 9s
[W07] 22/23 -- 17 clues (best:15) (42s, ETA 4min)
  [W07]   shuf 1/5: 16 clues (65 removed) 81s
  [W07]   shuf 2/5: 16 clues (65 removed) 22s
  [W07]   shuf 3/5: 16 clues (65 removed) 30s
  [W07]   shuf 4/5: 16 clues (65 removed) 69s
  [W07]   shuf 5/5: 16 clues (65 removed) 49s
[W07] 23/23 -- 16 clues (best:15) (251s, ETA 0min)
[W07] DONE: 23 orbits, min=15 clues, in 5789s (96.5min)
