[W10] Starting (worker 10/15)
[W10] Assigned 23 / 342 orbits
  [W10]   shuf 1/5: 15 clues (66 removed) 62s
  [W10]   shuf 2/5: 16 clues (65 removed) 36s
  [W10]   shuf 3/5: 15 clues (66 removed) 87s
  [W10]   shuf 4/5: 15 clues (66 removed) 81s
  [W10]   shuf 5/5: 14 clues (67 removed) 67s
[W10] 1/23 *** NEW MIN: 14 clues *** (333s, ETA 122min)
  [W10]   shuf 1/5: 16 clues (65 removed) 102s
  [W10]   shuf 2/5: 16 clues (65 removed) 42s
  [W10]   shuf 3/5: 16 clues (65 removed) 44s
  [W10]   shuf 4/5: 15 clues (66 removed) 68s
  [W10]   shuf 5/5: 17 clues (64 removed) 45s
[W10] 2/23 -- 15 clues (best:14) (302s, ETA 112min)
  [W10]   shuf 1/5: 16 clues (65 removed) 57s
  [W10]   shuf 2/5: 15 clues (66 removed) 125s
  [W10]   shuf 3/5: 15 clues (66 removed) 101s
  [W10]   shuf 4/5: 15 clues (66 removed) 119s
  [W10]   shuf 5/5: 15 clues (66 removed) 103s
[W10] 3/23 -- 15 clues (best:14) (506s, ETA 127min)
  [W10]   shuf 1/5: 15 clues (66 removed) 66s
  [W10]   shuf 2/5: 16 clues (65 removed) 23s
  [W10]   shuf 3/5: 15 clues (66 removed) 107s
  [W10]   shuf 4/5: 15 clues (66 removed) 52s
  [W10]   shuf 5/5: 16 clues (65 removed) 68s
[W10] 4/23 -- 15 clues (best:14) (315s, ETA 116min)
  [W10]   shuf 1/5: 19 clues (62 removed) 3s
  [W10]   shuf 2/5: 18 clues (63 removed) 10s
  [W10]   shuf 3/5: 20 clues (61 removed) 5s
  [W10]   shuf 4/5: 18 clues (63 removed) 15s
  [W10]   shuf 5/5: 19 clues (62 removed) 8s
[W10] 5/23 -- 18 clues (best:14) (40s, ETA 90min)
  [W10]   shuf 1/5: 18 clues (63 removed) 8s
  [W10]   shuf 2/5: 19 clues (62 removed) 7s
  [W10]   shuf 3/5: 18 clues (63 removed) 7s
  [W10]   shuf 4/5: 19 clues (62 removed) 8s
  [W10]   shuf 5/5: 18 clues (63 removed) 7s
[W10] 6/23 -- 18 clues (best:14) (36s, ETA 73min)
  [W10]   shuf 1/5: 17 clues (64 removed) 17s
  [W10]   shuf 2/5: 15 clues (66 removed) 55s
  [W10]   shuf 3/5: 16 clues (65 removed) 53s
  [W10]   shuf 4/5: 16 clues (65 removed) 49s
  [W10]   shuf 5/5: 15 clues (66 removed) 84s
[W10] 7/23 -- 15 clues (best:14) (259s, ETA 69min)
  [W10]   shuf 1/5: 17 clues (64 removed) 14s
  [W10]   shuf 2/5: 17 clues (64 removed) 12s
  [W10]   shuf 3/5: 17 clues (64 removed) 10s
  [W10]   shuf 4/5: 17 clues (64 removed) 17s
  [W10]   shuf 5/5: 17 clues (64 removed) 8s
[W10] 8/23 -- 17 clues (best:14) (61s, ETA 58min)
  [W10]   shuf 1/5: 15 clues (66 removed) 109s
  [W10]   shuf 2/5: 16 clues (65 removed) 109s
  [W10]   shuf 3/5: 15 clues (66 removed) 114s
  [W10]   shuf 4/5: 15 clues (66 removed) 132s
  [W10]   shuf 5/5: 16 clues (65 removed) 149s
[W10] 9/23 -- 15 clues (best:14) (614s, ETA 64min)
  [W10]   shuf 1/5: 14 clues (67 removed) 139s
  [W10]   shuf 2/5: 14 clues (67 removed) 130s
  [W10]   shuf 3/5: 15 clues (66 removed) 144s
  [W10]   shuf 4/5: 14 clues (67 removed) 124s
  [W10]   shuf 5/5: 16 clues (65 removed) 124s
[W10] 10/23 -- 14 clues (best:14) (661s, ETA 68min)
  [W10]   shuf 1/5: 15 clues (66 removed) 34s
  [W10]   shuf 2/5: 14 clues (67 removed) 31s
  [W10]   shuf 3/5: 15 clues (66 removed) 59s
  [W10]   shuf 4/5: 15 clues (66 removed) 50s
  [W10]   shuf 5/5: 16 clues (65 removed) 134s
[W10] 11/23 -- 14 clues (best:14) (308s, ETA 63min)
  [W10]   shuf 1/5: 16 clues (65 removed) 65s
  [W10]   shuf 2/5: 18 clues (63 removed) 8s
  [W10]   shuf 3/5: 17 clues (64 removed) 29s
  [W10]   shuf 4/5: 17 clues (64 removed) 15s
  [W10]   shuf 5/5: 18 clues (63 removed) 5s
[W10] 12/23 -- 16 clues (best:14) (123s, ETA 55min)
  [W10]   shuf 1/5: 16 clues (65 removed) 66s
  [W10]   shuf 2/5: 15 clues (66 removed) 40s
  [W10]   shuf 3/5: 16 clues (65 removed) 69s
  [W10]   shuf 4/5: 16 clues (65 removed) 44s
  [W10]   shuf 5/5: 16 clues (65 removed) 35s
[W10] 13/23 -- 15 clues (best:14) (253s, ETA 49min)
  [W10]   shuf 1/5: 17 clues (64 removed) 74s
  [W10]   shuf 2/5: 16 clues (65 removed) 33s
  [W10]   shuf 3/5: 15 clues (66 removed) 40s
  [W10]   shuf 4/5: 16 clues (65 removed) 28s
  [W10]   shuf 5/5: 15 clues (66 removed) 55s
[W10] 14/23 -- 15 clues (best:14) (230s, ETA 44min)
  [W10]   shuf 1/5: 16 clues (65 removed) 15s
  [W10]   shuf 2/5: 17 clues (64 removed) 11s
  [W10]   shuf 3/5: 16 clues (65 removed) 59s
  [W10]   shuf 4/5: 18 clues (63 removed) 10s
  [W10]   shuf 5/5: 17 clues (64 removed) 95s
[W10] 15/23 -- 16 clues (best:14) (190s, ETA 38min)
  [W10]   shuf 1/5: 22 clues (59 removed) 1s
  [W10]   shuf 2/5: 22 clues (59 removed) 2s
  [W10]   shuf 3/5: 22 clues (59 removed) 1s
  [W10]   shuf 4/5: 22 clues (59 removed) 1s
  [W10]   shuf 5/5: 22 clues (59 removed) 1s
[W10] 16/23 -- 22 clues (best:14) (7s, ETA 31min)
  [W10]   shuf 1/5: 16 clues (65 removed) 64s
  [W10]   shuf 2/5: 16 clues (65 removed) 83s
  [W10]   shuf 3/5: 16 clues (65 removed) 102s
  [W10]   shuf 4/5: 17 clues (64 removed) 100s
  [W10]   shuf 5/5: 15 clues (66 removed) 65s
[W10] 17/23 -- 15 clues (best:14) (414s, ETA 28min)
  [W10]   shuf 1/5: 17 clues (64 removed) 58s
  [W10]   shuf 2/5: 18 clues (63 removed) 4s
  [W10]   shuf 3/5: 17 clues (64 removed) 16s
  [W10]   shuf 4/5: 17 clues (64 removed) 14s
  [W10]   shuf 5/5: 18 clues (63 removed) 49s
[W10] 18/23 -- 17 clues (best:14) (141s, ETA 22min)
  [W10]   shuf 1/5: 14 clues (67 removed) 88s
  [W10]   shuf 2/5: 15 clues (66 removed) 87s
  [W10]   shuf 3/5: 15 clues (66 removed) 105s
  [W10]   shuf 4/5: 16 clues (65 removed) 148s
  [W10]   shuf 5/5: 16 clues (65 removed) 105s
[W10] 19/23 -- 14 clues (best:14) (533s, ETA 19min)
  [W10]   shuf 1/5: 15 clues (66 removed) 120s
  [W10]   shuf 2/5: 15 clues (66 removed) 122s
  [W10]   shuf 3/5: 15 clues (66 removed) 151s
  [W10]   shuf 4/5: 15 clues (66 removed) 128s
  [W10]   shuf 5/5: 14 clues (67 removed) 120s
[W10] 20/23 -- 14 clues (best:14) (641s, ETA 15min)
  [W10]   shuf 1/5: 18 clues (63 removed) 3s
  [W10]   shuf 2/5: 17 clues (64 removed) 12s
  [W10]   shuf 3/5: 18 clues (63 removed) 9s
  [W10]   shuf 4/5: 17 clues (64 removed) 15s
  [W10]   shuf 5/5: 17 clues (64 removed) 7s
[W10] 21/23 -- 17 clues (best:14) (46s, ETA 10min)
  [W10]   shuf 1/5: 15 clues (66 removed) 53s
  [W10]   shuf 2/5: 16 clues (65 removed) 63s
  [W10]   shuf 3/5: 16 clues (65 removed) 120s
  [W10]   shuf 4/5: 16 clues (65 removed) 82s
  [W10]   shuf 5/5: 16 clues (65 removed) 105s
[W10] 22/23 -- 15 clues (best:14) (422s, ETA 5min)
  [W10]   shuf 1/5: 16 clues (65 removed) 65s
  [W10]   shuf 2/5: 16 clues (65 removed) 36s
  [W10]   shuf 3/5: 15 clues (66 removed) 60s
  [W10]   shuf 4/5: 15 clues (66 removed) 67s
  [W10]   shuf 5/5: 16 clues (65 removed) 105s
[W10] 23/23 -- 15 clues (best:14) (333s, ETA 0min)
[W10] DONE: 23 orbits, min=14 clues, in 6815s (113.6min)
