[W08] Starting (worker 8/15)
[W08] Assigned 23 / 342 orbits
  [W08]   shuf 1/5: 16 clues (65 removed) 98s
  [W08]   shuf 2/5: 15 clues (66 removed) 131s
  [W08]   shuf 3/5: 15 clues (66 removed) 47s
  [W08]   shuf 4/5: 16 clues (65 removed) 53s
  [W08]   shuf 5/5: 15 clues (66 removed) 77s
[W08] 1/23 *** NEW MIN: 15 clues *** (405s, ETA 148min)
  [W08]   shuf 1/5: 18 clues (63 removed) 9s
  [W08]   shuf 2/5: 17 clues (64 removed) 27s
  [W08]   shuf 3/5: 17 clues (64 removed) 9s
  [W08]   shuf 4/5: 17 clues (64 removed) 90s
  [W08]   shuf 5/5: 17 clues (64 removed) 42s
[W08] 2/23 -- 17 clues (best:15) (177s, ETA 102min)
  [W08]   shuf 1/5: 15 clues (66 removed) 134s
  [W08]   shuf 2/5: 15 clues (66 removed) 133s
  [W08]   shuf 3/5: 15 clues (66 removed) 86s
  [W08]   shuf 4/5: 16 clues (65 removed) 96s
  [W08]   shuf 5/5: 16 clues (65 removed) 118s
[W08] 3/23 -- 15 clues (best:15) (568s, ETA 128min)
  [W08]   shuf 1/5: 17 clues (64 removed) 101s
  [W08]   shuf 2/5: 15 clues (66 removed) 62s
  [W08]   shuf 3/5: 16 clues (65 removed) 100s
  [W08]   shuf 4/5: 15 clues (66 removed) 91s
  [W08]   shuf 5/5: 16 clues (65 removed) 52s
[W08] 4/23 -- 15 clues (best:15) (407s, ETA 124min)
  [W08]   shuf 1/5: 17 clues (64 removed) 23s
  [W08]   shuf 2/5: 18 clues (63 removed) 8s
  [W08]   shuf 3/5: 18 clues (63 removed) 21s
  [W08]   shuf 4/5: 17 clues (64 removed) 17s
  [W08]   shuf 5/5: 18 clues (63 removed) 11s
[W08] 5/23 -- 17 clues (best:15) (80s, ETA 99min)
  [W08]   shuf 1/5: 17 clues (64 removed) 36s
  [W08]   shuf 2/5: 18 clues (63 removed) 11s
  [W08]   shuf 3/5: 17 clues (64 removed) 13s
  [W08]   shuf 4/5: 17 clues (64 removed) 14s
  [W08]   shuf 5/5: 18 clues (63 removed) 15s
[W08] 6/23 -- 17 clues (best:15) (89s, ETA 82min)
  [W08]   shuf 1/5: 18 clues (63 removed) 11s
  [W08]   shuf 2/5: 17 clues (64 removed) 28s
  [W08]   shuf 3/5: 17 clues (64 removed) 4s
  [W08]   shuf 4/5: 17 clues (64 removed) 10s
  [W08]   shuf 5/5: 17 clues (64 removed) 14s
[W08] 7/23 -- 17 clues (best:15) (67s, ETA 69min)
  [W08]   shuf 1/5: 19 clues (62 removed) 15s
  [W08]   shuf 2/5: 17 clues (64 removed) 10s
  [W08]   shuf 3/5: 17 clues (64 removed) 18s
  [W08]   shuf 4/5: 18 clues (63 removed) 12s
  [W08]   shuf 5/5: 17 clues (64 removed) 4s
[W08] 8/23 -- 17 clues (best:15) (59s, ETA 58min)
  [W08]   shuf 1/5: 18 clues (63 removed) 12s
  [W08]   shuf 2/5: 18 clues (63 removed) 13s
  [W08]   shuf 3/5: 17 clues (64 removed) 8s
  [W08]   shuf 4/5: 17 clues (64 removed) 12s
  [W08]   shuf 5/5: 18 clues (63 removed) 6s
[W08] 9/23 -- 17 clues (best:15) (50s, ETA 50min)
  [W08]   shuf 1/5: 19 clues (62 removed) 11s
  [W08]   shuf 2/5: 19 clues (62 removed) 7s
  [W08]   shuf 3/5: 19 clues (62 removed) 8s
  [W08]   shuf 4/5: 19 clues (62 removed) 4s
  [W08]   shuf 5/5: 19 clues (62 removed) 4s
[W08] 10/23 -- 19 clues (best:15) (35s, ETA 42min)
  [W08]   shuf 1/5: 16 clues (65 removed) 75s
  [W08]   shuf 2/5: 15 clues (66 removed) 105s
  [W08]   shuf 3/5: 16 clues (65 removed) 115s
  [W08]   shuf 4/5: 16 clues (65 removed) 146s
  [W08]   shuf 5/5: 16 clues (65 removed) 140s
[W08] 11/23 -- 15 clues (best:15) (581s, ETA 46min)
  [W08]   shuf 1/5: 15 clues (66 removed) 149s
  [W08]   shuf 2/5: 14 clues (67 removed) 139s
  [W08]   shuf 3/5: 16 clues (65 removed) 136s
  [W08]   shuf 4/5: 15 clues (66 removed) 125s
  [W08]   shuf 5/5: 15 clues (66 removed) 149s
[W08] 12/23 *** NEW MIN: 14 clues *** (698s, ETA 49min)
  [W08]   shuf 1/5: 16 clues (65 removed) 147s
  [W08]   shuf 2/5: 14 clues (67 removed) 135s
  [W08]   shuf 3/5: 14 clues (67 removed) 133s
  [W08]   shuf 4/5: 13 clues (68 removed) 118s
  [W08]   shuf 5/5: 16 clues (65 removed) 150s
[W08] 13/23 *** NEW MIN: 13 clues *** (683s, ETA 50min)
  [W08]   shuf 1/5: 19 clues (62 removed) 9s
  [W08]   shuf 2/5: 17 clues (64 removed) 19s
  [W08]   shuf 3/5: 18 clues (63 removed) 5s
  [W08]   shuf 4/5: 17 clues (64 removed) 12s
  [W08]   shuf 5/5: 17 clues (64 removed) 20s
[W08] 14/23 -- 17 clues (best:13) (65s, ETA 43min)
  [W08]   shuf 1/5: 15 clues (66 removed) 142s
  [W08]   shuf 2/5: 16 clues (65 removed) 80s
  [W08]   shuf 3/5: 16 clues (65 removed) 119s
  [W08]   shuf 4/5: 16 clues (65 removed) 121s
  [W08]   shuf 5/5: 15 clues (66 removed) 79s
[W08] 15/23 -- 15 clues (best:13) (541s, ETA 40min)
  [W08]   shuf 1/5: 16 clues (65 removed) 120s
  [W08]   shuf 2/5: 15 clues (66 removed) 99s
  [W08]   shuf 3/5: 16 clues (65 removed) 170s
  [W08]   shuf 4/5: 16 clues (65 removed) 106s
  [W08]   shuf 5/5: 16 clues (65 removed) 129s
[W08] 16/23 -- 15 clues (best:13) (625s, ETA 38min)
  [W08]   shuf 1/5: 16 clues (65 removed) 137s
  [W08]   shuf 2/5: 15 clues (66 removed) 98s
  [W08]   shuf 3/5: 15 clues (66 removed) 81s
  [W08]   shuf 4/5: 16 clues (65 removed) 137s
  [W08]   shuf 5/5: 16 clues (65 removed) 129s
[W08] 17/23 -- 15 clues (best:13) (582s, ETA 34min)
  [W08]   shuf 1/5: 17 clues (64 removed) 10s
  [W08]   shuf 2/5: 17 clues (64 removed) 26s
  [W08]   shuf 3/5: 17 clues (64 removed) 25s
  [W08]   shuf 4/5: 17 clues (64 removed) 9s
  [W08]   shuf 5/5: 17 clues (64 removed) 11s
[W08] 18/23 -- 17 clues (best:13) (81s, ETA 27min)
  [W08]   shuf 1/5: 19 clues (62 removed) 10s
  [W08]   shuf 2/5: 18 clues (63 removed) 11s
  [W08]   shuf 3/5: 18 clues (63 removed) 7s
  [W08]   shuf 4/5: 19 clues (62 removed) 6s
  [W08]   shuf 5/5: 19 clues (62 removed) 8s
[W08] 19/23 -- 18 clues (best:13) (42s, ETA 21min)
  [W08]   shuf 1/5: 16 clues (65 removed) 17s
  [W08]   shuf 2/5: 16 clues (65 removed) 92s
  [W08]   shuf 3/5: 15 clues (66 removed) 17s
  [W08]   shuf 4/5: 16 clues (65 removed) 120s
  [W08]   shuf 5/5: 16 clues (65 removed) 11s
[W08] 20/23 -- 15 clues (best:13) (256s, ETA 15min)
  [W08]   shuf 1/5: 16 clues (65 removed) 120s
  [W08]   shuf 2/5: 15 clues (66 removed) 69s
  [W08]   shuf 3/5: 14 clues (67 removed) 147s
  [W08]   shuf 4/5: 15 clues (66 removed) 112s
  [W08]   shuf 5/5: 15 clues (66 removed) 94s
[W08] 21/23 -- 14 clues (best:13) (542s, ETA 11min)
  [W08]   shuf 1/5: 17 clues (64 removed) 13s
  [W08]   shuf 2/5: 18 clues (63 removed) 6s
  [W08]   shuf 3/5: 18 clues (63 removed) 8s
  [W08]   shuf 4/5: 17 clues (64 removed) 10s
  [W08]   shuf 5/5: 17 clues (64 removed) 84s
[W08] 22/23 -- 17 clues (best:13) (121s, ETA 5min)
  [W08]   shuf 1/5: 15 clues (66 removed) 84s
  [W08]   shuf 2/5: 15 clues (66 removed) 85s
  [W08]   shuf 3/5: 15 clues (66 removed) 80s
  [W08]   shuf 4/5: 16 clues (65 removed) 111s
  [W08]   shuf 5/5: 15 clues (66 removed) 124s
[W08] 23/23 -- 15 clues (best:13) (484s, ETA 0min)
[W08] DONE: 23 orbits, min=13 clues, in 7283s (121.4min)
