[W12] Starting (worker 12/15)
[W12] Assigned 22 / 342 orbits
  [W12]   shuf 1/5: 13 clues (68 removed) 96s
  [W12]   shuf 2/5: 16 clues (65 removed) 135s
  [W12]   shuf 3/5: 14 clues (67 removed) 107s
  [W12]   shuf 4/5: 15 clues (66 removed) 107s
  [W12]   shuf 5/5: 14 clues (67 removed) 116s
[W12] 1/22 *** NEW MIN: 13 clues *** (561s, ETA 196min)
  [W12]   shuf 1/5: 19 clues (62 removed) 6s
  [W12]   shuf 2/5: 20 clues (61 removed) 3s
  [W12]   shuf 3/5: 20 clues (61 removed) 3s
  [W12]   shuf 4/5: 20 clues (61 removed) 4s
  [W12]   shuf 5/5: 19 clues (62 removed) 6s
[W12] 2/22 -- 19 clues (best:13) (22s, ETA 97min)
  [W12]   shuf 1/5: 17 clues (64 removed) 53s
  [W12]   shuf 2/5: 18 clues (63 removed) 6s
  [W12]   shuf 3/5: 17 clues (64 removed) 14s
  [W12]   shuf 4/5: 16 clues (65 removed) 37s
  [W12]   shuf 5/5: 18 clues (63 removed) 12s
[W12] 3/22 -- 16 clues (best:13) (123s, ETA 75min)
  [W12]   shuf 1/5: 18 clues (63 removed) 5s
  [W12]   shuf 2/5: 19 clues (62 removed) 11s
  [W12]   shuf 3/5: 19 clues (62 removed) 4s
  [W12]   shuf 4/5: 18 clues (63 removed) 10s
  [W12]   shuf 5/5: 18 clues (63 removed) 12s
[W12] 4/22 -- 18 clues (best:13) (42s, ETA 57min)
  [W12]   shuf 1/5: 15 clues (66 removed) 63s
  [W12]   shuf 2/5: 15 clues (66 removed) 58s
  [W12]   shuf 3/5: 16 clues (65 removed) 113s
  [W12]   shuf 4/5: 15 clues (66 removed) 31s
  [W12]   shuf 5/5: 15 clues (66 removed) 67s
[W12] 5/22 -- 15 clues (best:13) (332s, ETA 62min)
  [W12]   shuf 1/5: 14 clues (67 removed) 90s
  [W12]   shuf 2/5: 15 clues (66 removed) 125s
  [W12]   shuf 3/5: 15 clues (66 removed) 81s
  [W12]   shuf 4/5: 15 clues (66 removed) 46s
  [W12]   shuf 5/5: 15 clues (66 removed) 63s
[W12] 6/22 -- 14 clues (best:13) (404s, ETA 66min)
  [W12]   shuf 1/5: 15 clues (66 removed) 129s
  [W12]   shuf 2/5: 15 clues (66 removed) 141s
  [W12]   shuf 3/5: 16 clues (65 removed) 140s
  [W12]   shuf 4/5: 16 clues (65 removed) 141s
  [W12]   shuf 5/5: 15 clues (66 removed) 119s
[W12] 7/22 -- 15 clues (best:13) (670s, ETA 77min)
  [W12]   shuf 1/5: 14 clues (67 removed) 95s
  [W12]   shuf 2/5: 15 clues (66 removed) 136s
  [W12]   shuf 3/5: 16 clues (65 removed) 71s
  [W12]   shuf 4/5: 15 clues (66 removed) 68s
  [W12]   shuf 5/5: 15 clues (66 removed) 117s
[W12] 8/22 -- 14 clues (best:13) (487s, ETA 77min)
  [W12]   shuf 1/5: 15 clues (66 removed) 156s
  [W12]   shuf 2/5: 15 clues (66 removed) 128s
  [W12]   shuf 3/5: 16 clues (65 removed) 155s
  [W12]   shuf 4/5: 15 clues (66 removed) 93s
  [W12]   shuf 5/5: 15 clues (66 removed) 104s
[W12] 9/22 -- 15 clues (best:13) (636s, ETA 79min)
  [W12]   shuf 1/5: 14 clues (67 removed) 63s
  [W12]   shuf 2/5: 16 clues (65 removed) 113s
  [W12]   shuf 3/5: 15 clues (66 removed) 57s
  [W12]   shuf 4/5: 16 clues (65 removed) 150s
  [W12]   shuf 5/5: 15 clues (66 removed) 130s
[W12] 10/22 -- 14 clues (best:13) (513s, ETA 76min)
  [W12]   shuf 1/5: 16 clues (65 removed) 64s
  [W12]   shuf 2/5: 16 clues (65 removed) 71s
  [W12]   shuf 3/5: 15 clues (66 removed) 116s
  [W12]   shuf 4/5: 17 clues (64 removed) 61s
  [W12]   shuf 5/5: 17 clues (64 removed) 16s
[W12] 11/22 -- 15 clues (best:13) (328s, ETA 69min)
  [W12]   shuf 1/5: 15 clues (66 removed) 79s
  [W12]   shuf 2/5: 14 clues (67 removed) 83s
  [W12]   shuf 3/5: 15 clues (66 removed) 34s
  [W12]   shuf 4/5: 16 clues (65 removed) 60s
  [W12]   shuf 5/5: 16 clues (65 removed) 89s
[W12] 12/22 -- 14 clues (best:13) (345s, ETA 62min)
  [W12]   shuf 1/5: 15 clues (66 removed) 87s
  [W12]   shuf 2/5: 16 clues (65 removed) 69s
  [W12]   shuf 3/5: 14 clues (67 removed) 77s
  [W12]   shuf 4/5: 16 clues (65 removed) 18s
  [W12]   shuf 5/5: 15 clues (66 removed) 80s
[W12] 13/22 -- 14 clues (best:13) (330s, ETA 56min)
  [W12]   shuf 1/5: 15 clues (66 removed) 67s
  [W12]   shuf 2/5: 14 clues (67 removed) 73s
  [W12]   shuf 3/5: 15 clues (66 removed) 126s
  [W12]   shuf 4/5: 15 clues (66 removed) 95s
  [W12]   shuf 5/5: 15 clues (66 removed) 59s
[W12] 14/22 -- 14 clues (best:13) (420s, ETA 50min)
  [W12]   shuf 1/5: 15 clues (66 removed) 82s
  [W12]   shuf 2/5: 15 clues (66 removed) 120s
  [W12]   shuf 3/5: 17 clues (64 removed) 99s
  [W12]   shuf 4/5: 15 clues (66 removed) 96s
  [W12]   shuf 5/5: 15 clues (66 removed) 109s
[W12] 15/22 -- 15 clues (best:13) (505s, ETA 45min)
  [W12]   shuf 1/5: 18 clues (63 removed) 9s
  [W12]   shuf 2/5: 18 clues (63 removed) 9s
  [W12]   shuf 3/5: 18 clues (63 removed) 6s
  [W12]   shuf 4/5: 19 clues (62 removed) 12s
  [W12]   shuf 5/5: 18 clues (63 removed) 14s
[W12] 16/22 -- 18 clues (best:13) (50s, ETA 36min)
  [W12]   shuf 1/5: 18 clues (63 removed) 14s
  [W12]   shuf 2/5: 17 clues (64 removed) 10s
  [W12]   shuf 3/5: 17 clues (64 removed) 28s
  [W12]   shuf 4/5: 18 clues (63 removed) 7s
  [W12]   shuf 5/5: 17 clues (64 removed) 8s
[W12] 17/22 -- 17 clues (best:13) (67s, ETA 29min)
  [W12]   shuf 1/5: 21 clues (60 removed) 1s
  [W12]   shuf 2/5: 21 clues (60 removed) 2s
  [W12]   shuf 3/5: 21 clues (60 removed) 1s
  [W12]   shuf 4/5: 21 clues (60 removed) 2s
  [W12]   shuf 5/5: 21 clues (60 removed) 7s
[W12] 18/22 -- 21 clues (best:13) (14s, ETA 22min)
  [W12]   shuf 1/5: 19 clues (62 removed) 4s
  [W12]   shuf 2/5: 19 clues (62 removed) 3s
  [W12]   shuf 3/5: 19 clues (62 removed) 4s
  [W12]   shuf 4/5: 19 clues (62 removed) 9s
  [W12]   shuf 5/5: 18 clues (63 removed) 10s
[W12] 19/22 -- 18 clues (best:13) (31s, ETA 16min)
  [W12]   shuf 1/5: 17 clues (64 removed) 30s
  [W12]   shuf 2/5: 17 clues (64 removed) 6s
  [W12]   shuf 3/5: 17 clues (64 removed) 10s
  [W12]   shuf 4/5: 19 clues (62 removed) 5s
  [W12]   shuf 5/5: 17 clues (64 removed) 7s
[W12] 20/22 -- 17 clues (best:13) (57s, ETA 10min)
  [W12]   shuf 1/5: 14 clues (67 removed) 152s
  [W12]   shuf 2/5: 16 clues (65 removed) 176s
  [W12]   shuf 3/5: 15 clues (66 removed) 134s
  [W12]   shuf 4/5: 16 clues (65 removed) 156s
  [W12]   shuf 5/5: 14 clues (67 removed) 161s
[W12] 21/22 -- 14 clues (best:13) (778s, ETA 5min)
  [W12]   shuf 1/5: 22 clues (59 removed) 1s
  [W12]   shuf 2/5: 22 clues (59 removed) 1s
  [W12]   shuf 3/5: 22 clues (59 removed) 1s
  [W12]   shuf 4/5: 22 clues (59 removed) 1s
  [W12]   shuf 5/5: 22 clues (59 removed) 1s
[W12] 22/22 -- 22 clues (best:13) (5s, ETA 0min)
[W12] DONE: 22 orbits, min=13 clues, in 6763s (112.7min)
