[W14] Starting (worker 14/15)
[W14] Assigned 22 / 342 orbits
  [W14]   shuf 1/5: 18 clues (63 removed) 27s
  [W14]   shuf 2/5: 18 clues (63 removed) 8s
  [W14]   shuf 3/5: 17 clues (64 removed) 22s
  [W14]   shuf 4/5: 17 clues (64 removed) 29s
  [W14]   shuf 5/5: 18 clues (63 removed) 13s
[W14] 1/22 *** NEW MIN: 17 clues *** (98s, ETA 34min)
  [W14]   shuf 1/5: 16 clues (65 removed) 85s
  [W14]   shuf 2/5: 15 clues (66 removed) 86s
  [W14]   shuf 3/5: 16 clues (65 removed) 123s
  [W14]   shuf 4/5: 16 clues (65 removed) 108s
  [W14]   shuf 5/5: 16 clues (65 removed) 85s
[W14] 2/22 *** NEW MIN: 15 clues *** (486s, ETA 98min)
  [W14]   shuf 1/5: 18 clues (63 removed) 13s
  [W14]   shuf 2/5: 18 clues (63 removed) 6s
  [W14]   shuf 3/5: 17 clues (64 removed) 30s
  [W14]   shuf 4/5: 18 clues (63 removed) 16s
  [W14]   shuf 5/5: 18 clues (63 removed) 21s
[W14] 3/22 -- 17 clues (best:15) (86s, ETA 71min)
  [W14]   shuf 1/5: 17 clues (64 removed) 14s
  [W14]   shuf 2/5: 17 clues (64 removed) 9s
  [W14]   shuf 3/5: 18 clues (63 removed) 5s
  [W14]   shuf 4/5: 17 clues (64 removed) 17s
  [W14]   shuf 5/5: 17 clues (64 removed) 12s
[W14] 4/22 -- 17 clues (best:15) (57s, ETA 55min)
  [W14]   shuf 1/5: 16 clues (65 removed) 88s
  [W14]   shuf 2/5: 15 clues (66 removed) 126s
  [W14]   shuf 3/5: 15 clues (66 removed) 118s
  [W14]   shuf 4/5: 15 clues (66 removed) 118s
  [W14]   shuf 5/5: 15 clues (66 removed) 109s
[W14] 5/22 -- 15 clues (best:15) (559s, ETA 73min)
  [W14]   shuf 1/5: 16 clues (65 removed) 148s
  [W14]   shuf 2/5: 15 clues (66 removed) 74s
  [W14]   shuf 3/5: 15 clues (66 removed) 114s
  [W14]   shuf 4/5: 16 clues (65 removed) 95s
  [W14]   shuf 5/5: 14 clues (67 removed) 112s
[W14] 6/22 *** NEW MIN: 14 clues *** (544s, ETA 82min)
  [W14]   shuf 1/5: 17 clues (64 removed) 13s
  [W14]   shuf 2/5: 18 clues (63 removed) 5s
  [W14]   shuf 3/5: 18 clues (63 removed) 14s
  [W14]   shuf 4/5: 18 clues (63 removed) 4s
  [W14]   shuf 5/5: 18 clues (63 removed) 5s
[W14] 7/22 -- 17 clues (best:14) (42s, ETA 67min)
  [W14]   shuf 1/5: 16 clues (65 removed) 53s
  [W14]   shuf 2/5: 16 clues (65 removed) 65s
  [W14]   shuf 3/5: 17 clues (64 removed) 62s
  [W14]   shuf 4/5: 15 clues (66 removed) 87s
  [W14]   shuf 5/5: 15 clues (66 removed) 76s
[W14] 8/22 -- 15 clues (best:14) (342s, ETA 65min)
  [W14]   shuf 1/5: 19 clues (62 removed) 8s
  [W14]   shuf 2/5: 18 clues (63 removed) 5s
  [W14]   shuf 3/5: 17 clues (64 removed) 9s
  [W14]   shuf 4/5: 18 clues (63 removed) 7s
  [W14]   shuf 5/5: 17 clues (64 removed) 9s
[W14] 9/22 -- 17 clues (best:14) (38s, ETA 55min)
  [W14]   shuf 1/5: 15 clues (66 removed) 113s
  [W14]   shuf 2/5: 15 clues (66 removed) 105s
  [W14]   shuf 3/5: 15 clues (66 removed) 86s
  [W14]   shuf 4/5: 15 clues (66 removed) 94s
  [W14]   shuf 5/5: 15 clues (66 removed) 92s
[W14] 10/22 -- 15 clues (best:14) (490s, ETA 55min)
  [W14]   shuf 1/5: 16 clues (65 removed) 38s
  [W14]   shuf 2/5: 17 clues (64 removed) 28s
  [W14]   shuf 3/5: 18 clues (63 removed) 5s
  [W14]   shuf 4/5: 17 clues (64 removed) 10s
  [W14]   shuf 5/5: 17 clues (64 removed) 8s
[W14] 11/22 -- 16 clues (best:14) (88s, ETA 48min)
  [W14]   shuf 1/5: 17 clues (64 removed) 17s
  [W14]   shuf 2/5: 18 clues (63 removed) 7s
  [W14]   shuf 3/5: 18 clues (63 removed) 14s
  [W14]   shuf 4/5: 17 clues (64 removed) 7s
  [W14]   shuf 5/5: 18 clues (63 removed) 10s
[W14] 12/22 -- 17 clues (best:14) (55s, ETA 40min)
  [W14]   shuf 1/5: 22 clues (59 removed) 1s
  [W14]   shuf 2/5: 22 clues (59 removed) 1s
  [W14]   shuf 3/5: 22 clues (59 removed) 1s
  [W14]   shuf 4/5: 22 clues (59 removed) 1s
  [W14]   shuf 5/5: 22 clues (59 removed) 1s
[W14] 13/22 -- 22 clues (best:14) (5s, ETA 34min)
  [W14]   shuf 1/5: 16 clues (65 removed) 78s
  [W14]   shuf 2/5: 15 clues (66 removed) 23s
  [W14]   shuf 3/5: 15 clues (66 removed) 79s
  [W14]   shuf 4/5: 17 clues (64 removed) 120s
  [W14]   shuf 5/5: 15 clues (66 removed) 111s
[W14] 14/22 -- 15 clues (best:14) (410s, ETA 32min)
  [W14]   shuf 1/5: 16 clues (65 removed) 53s
  [W14]   shuf 2/5: 16 clues (65 removed) 32s
  [W14]   shuf 3/5: 16 clues (65 removed) 39s
  [W14]   shuf 4/5: 16 clues (65 removed) 39s
  [W14]   shuf 5/5: 16 clues (65 removed) 27s
[W14] 15/22 -- 16 clues (best:14) (190s, ETA 27min)
  [W14]   shuf 1/5: 17 clues (64 removed) 28s
  [W14]   shuf 2/5: 17 clues (64 removed) 20s
  [W14]   shuf 3/5: 17 clues (64 removed) 31s
  [W14]   shuf 4/5: 17 clues (64 removed) 20s
  [W14]   shuf 5/5: 17 clues (64 removed) 47s
[W14] 16/22 -- 17 clues (best:14) (146s, ETA 23min)
  [W14]   shuf 1/5: 17 clues (64 removed) 60s
  [W14]   shuf 2/5: 16 clues (65 removed) 11s
  [W14]   shuf 3/5: 16 clues (65 removed) 95s
  [W14]   shuf 4/5: 16 clues (65 removed) 66s
  [W14]   shuf 5/5: 17 clues (64 removed) 30s
[W14] 17/22 -- 16 clues (best:14) (262s, ETA 19min)
  [W14]   shuf 1/5: 18 clues (63 removed) 12s
  [W14]   shuf 2/5: 17 clues (64 removed) 8s
  [W14]   shuf 3/5: 17 clues (64 removed) 19s
  [W14]   shuf 4/5: 17 clues (64 removed) 14s
  [W14]   shuf 5/5: 18 clues (63 removed) 6s
[W14] 18/22 -- 17 clues (best:14) (58s, ETA 15min)
  [W14]   shuf 1/5: 17 clues (64 removed) 22s
  [W14]   shuf 2/5: 17 clues (64 removed) 65s
  [W14]   shuf 3/5: 17 clues (64 removed) 15s
  [W14]   shuf 4/5: 17 clues (64 removed) 25s
  [W14]   shuf 5/5: 18 clues (63 removed) 9s
[W14] 19/22 -- 17 clues (best:14) (136s, ETA 11min)
  [W14]   shuf 1/5: 16 clues (65 removed) 111s
  [W14]   shuf 2/5: 16 clues (65 removed) 130s
  [W14]   shuf 3/5: 17 clues (64 removed) 97s
  [W14]   shuf 4/5: 16 clues (65 removed) 94s
  [W14]   shuf 5/5: 16 clues (65 removed) 78s
[W14] 20/22 -- 16 clues (best:14) (509s, ETA 8min)
  [W14]   shuf 1/5: 18 clues (63 removed) 10s
  [W14]   shuf 2/5: 17 clues (64 removed) 18s
  [W14]   shuf 3/5: 17 clues (64 removed) 29s
  [W14]   shuf 4/5: 18 clues (63 removed) 43s
  [W14]   shuf 5/5: 18 clues (63 removed) 3s
[W14] 21/22 -- 17 clues (best:14) (103s, ETA 4min)
  [W14]   shuf 1/5: 15 clues (66 removed) 129s
  [W14]   shuf 2/5: 14 clues (67 removed) 87s
  [W14]   shuf 3/5: 17 clues (64 removed) 144s
  [W14]   shuf 4/5: 15 clues (66 removed) 136s
  [W14]   shuf 5/5: 15 clues (66 removed) 147s
[W14] 22/22 -- 14 clues (best:14) (643s, ETA 0min)
[W14] DONE: 22 orbits, min=14 clues, in 5392s (89.9min)
