[W05] Starting (worker 5/15)
[W05] Assigned 23 / 342 orbits
  [W05]   shuf 1/5: 14 clues (67 removed) 101s
  [W05]   shuf 2/5: 14 clues (67 removed) 68s
  [W05]   shuf 3/5: 16 clues (65 removed) 111s
  [W05]   shuf 4/5: 16 clues (65 removed) 71s
  [W05]   shuf 5/5: 15 clues (66 removed) 83s
[W05] 1/23 *** NEW MIN: 14 clues *** (433s, ETA 159min)
  [W05]   shuf 1/5: 16 clues (65 removed) 69s
  [W05]   shuf 2/5: 16 clues (65 removed) 65s
  [W05]   shuf 3/5: 15 clues (66 removed) 67s
  [W05]   shuf 4/5: 15 clues (66 removed) 81s
  [W05]   shuf 5/5: 16 clues (65 removed) 89s
[W05] 2/23 -- 15 clues (best:14) (371s, ETA 141min)
  [W05]   shuf 1/5: 15 clues (66 removed) 94s
  [W05]   shuf 2/5: 15 clues (66 removed) 104s
  [W05]   shuf 3/5: 15 clues (66 removed) 68s
  [W05]   shuf 4/5: 16 clues (65 removed) 94s
  [W05]   shuf 5/5: 15 clues (66 removed) 102s
[W05] 3/23 -- 15 clues (best:14) (463s, ETA 141min)
  [W05]   shuf 1/5: 16 clues (65 removed) 167s
  [W05]   shuf 2/5: 15 clues (66 removed) 127s
  [W05]   shuf 3/5: 15 clues (66 removed) 136s
  [W05]   shuf 4/5: 15 clues (66 removed) 127s
  [W05]   shuf 5/5: 15 clues (66 removed) 117s
[W05] 4/23 -- 15 clues (best:14) (674s, ETA 154min)
  [W05]   shuf 1/5: 14 clues (67 removed) 71s
  [W05]   shuf 2/5: 15 clues (66 removed) 93s
  [W05]   shuf 3/5: 14 clues (67 removed) 68s
  [W05]   shuf 4/5: 15 clues (66 removed) 65s
  [W05]   shuf 5/5: 14 clues (67 removed) 80s
[W05] 5/23 -- 14 clues (best:14) (376s, ETA 140min)
  [W05]   shuf 1/5: 15 clues (66 removed) 88s
  [W05]   shuf 2/5: 15 clues (66 removed) 119s
  [W05]   shuf 3/5: 16 clues (65 removed) 100s
  [W05]   shuf 4/5: 16 clues (65 removed) 120s
  [W05]   shuf 5/5: 16 clues (65 removed) 110s
[W05] 6/23 -- 15 clues (best:14) (537s, ETA 135min)
  [W05]   shuf 1/5: 27 clues (54 removed) 1s
  [W05]   shuf 2/5: 27 clues (54 removed) 1s
  [W05]   shuf 3/5: 27 clues (54 removed) 1s
  [W05]   shuf 4/5: 27 clues (54 removed) 1s
  [W05]   shuf 5/5: 27 clues (54 removed) 1s
[W05] 7/23 -- 27 clues (best:14) (3s, ETA 109min)
  [W05]   shuf 1/5: 15 clues (66 removed) 96s
  [W05]   shuf 2/5: 15 clues (66 removed) 96s
  [W05]   shuf 3/5: 15 clues (66 removed) 97s
  [W05]   shuf 4/5: 16 clues (65 removed) 82s
  [W05]   shuf 5/5: 15 clues (66 removed) 123s
[W05] 8/23 -- 15 clues (best:14) (494s, ETA 105min)
  [W05]   shuf 1/5: 16 clues (65 removed) 100s
  [W05]   shuf 2/5: 16 clues (65 removed) 99s
  [W05]   shuf 3/5: 16 clues (65 removed) 85s
  [W05]   shuf 4/5: 17 clues (64 removed) 32s
  [W05]   shuf 5/5: 15 clues (66 removed) 76s
[W05] 9/23 -- 15 clues (best:14) (392s, ETA 97min)
  [W05]   shuf 1/5: 17 clues (64 removed) 10s
  [W05]   shuf 2/5: 18 clues (63 removed) 12s
  [W05]   shuf 3/5: 17 clues (64 removed) 9s
  [W05]   shuf 4/5: 17 clues (64 removed) 8s
  [W05]   shuf 5/5: 18 clues (63 removed) 20s
[W05] 10/23 -- 17 clues (best:14) (59s, ETA 83min)
  [W05]   shuf 1/5: 15 clues (66 removed) 21s
  [W05]   shuf 2/5: 15 clues (66 removed) 26s
  [W05]   shuf 3/5: 15 clues (66 removed) 77s
  [W05]   shuf 4/5: 15 clues (66 removed) 64s
  [W05]   shuf 5/5: 16 clues (65 removed) 130s
[W05] 11/23 -- 15 clues (best:14) (319s, ETA 75min)
  [W05]   shuf 1/5: 14 clues (67 removed) 85s
  [W05]   shuf 2/5: 15 clues (66 removed) 98s
  [W05]   shuf 3/5: 16 clues (65 removed) 108s
  [W05]   shuf 4/5: 15 clues (66 removed) 43s
  [W05]   shuf 5/5: 16 clues (65 removed) 60s
[W05] 12/23 -- 14 clues (best:14) (394s, ETA 69min)
  [W05]   shuf 1/5: 19 clues (62 removed) 7s
  [W05]   shuf 2/5: 18 clues (63 removed) 14s
  [W05]   shuf 3/5: 18 clues (63 removed) 38s
  [W05]   shuf 4/5: 19 clues (62 removed) 9s
  [W05]   shuf 5/5: 18 clues (63 removed) 12s
[W05] 13/23 -- 18 clues (best:14) (80s, ETA 59min)
  [W05]   shuf 1/5: 15 clues (66 removed) 107s
  [W05]   shuf 2/5: 16 clues (65 removed) 96s
  [W05]   shuf 3/5: 16 clues (65 removed) 86s
  [W05]   shuf 4/5: 16 clues (65 removed) 95s
  [W05]   shuf 5/5: 16 clues (65 removed) 88s
[W05] 14/23 -- 15 clues (best:14) (472s, ETA 55min)
  [W05]   shuf 1/5: 16 clues (65 removed) 91s
  [W05]   shuf 2/5: 16 clues (65 removed) 66s
  [W05]   shuf 3/5: 16 clues (65 removed) 84s
  [W05]   shuf 4/5: 15 clues (66 removed) 39s
  [W05]   shuf 5/5: 15 clues (66 removed) 80s
[W05] 15/23 -- 15 clues (best:14) (359s, ETA 48min)
  [W05]   shuf 1/5: 15 clues (66 removed) 124s
  [W05]   shuf 2/5: 14 clues (67 removed) 153s
  [W05]   shuf 3/5: 14 clues (67 removed) 86s
  [W05]   shuf 4/5: 15 clues (66 removed) 126s
  [W05]   shuf 5/5: 15 clues (66 removed) 99s
[W05] 16/23 -- 14 clues (best:14) (587s, ETA 44min)
  [W05]   shuf 1/5: 17 clues (64 removed) 17s
  [W05]   shuf 2/5: 17 clues (64 removed) 13s
  [W05]   shuf 3/5: 17 clues (64 removed) 7s
  [W05]   shuf 4/5: 18 clues (63 removed) 12s
  [W05]   shuf 5/5: 17 clues (64 removed) 6s
[W05] 17/23 -- 17 clues (best:14) (55s, ETA 36min)
  [W05]   shuf 1/5: 15 clues (66 removed) 88s
  [W05]   shuf 2/5: 16 clues (65 removed) 87s
  [W05]   shuf 3/5: 16 clues (65 removed) 53s
  [W05]   shuf 4/5: 16 clues (65 removed) 16s
  [W05]   shuf 5/5: 16 clues (65 removed) 27s
[W05] 18/23 -- 15 clues (best:14) (272s, ETA 30min)
  [W05]   shuf 1/5: 16 clues (65 removed) 119s
  [W05]   shuf 2/5: 15 clues (66 removed) 79s
  [W05]   shuf 3/5: 15 clues (66 removed) 94s
  [W05]   shuf 4/5: 15 clues (66 removed) 93s
  [W05]   shuf 5/5: 16 clues (65 removed) 94s
[W05] 19/23 -- 15 clues (best:14) (479s, ETA 24min)
  [W05]   shuf 1/5: 15 clues (66 removed) 76s
  [W05]   shuf 2/5: 15 clues (66 removed) 53s
  [W05]   shuf 3/5: 16 clues (65 removed) 98s
  [W05]   shuf 4/5: 16 clues (65 removed) 97s
  [W05]   shuf 5/5: 14 clues (67 removed) 92s
[W05] 20/23 -- 14 clues (best:14) (416s, ETA 18min)
  [W05]   shuf 1/5: 16 clues (65 removed) 43s
  [W05]   shuf 2/5: 16 clues (65 removed) 57s
  [W05]   shuf 3/5: 16 clues (65 removed) 116s
  [W05]   shuf 4/5: 15 clues (66 removed) 73s
  [W05]   shuf 5/5: 15 clues (66 removed) 111s
[W05] 21/23 -- 15 clues (best:14) (401s, ETA 12min)
  [W05]   shuf 1/5: 14 clues (67 removed) 98s
  [W05]   shuf 2/5: 16 clues (65 removed) 30s
  [W05]   shuf 3/5: 16 clues (65 removed) 82s
  [W05]   shuf 4/5: 16 clues (65 removed) 90s
  [W05]   shuf 5/5: 15 clues (66 removed) 67s
[W05] 22/23 -- 14 clues (best:14) (366s, ETA 6min)
