[W03] Starting (worker 3/15)
[W03] Assigned 23 / 342 orbits
  [W03]   shuf 1/5: 15 clues (66 removed) 114s
  [W03]   shuf 2/5: 17 clues (64 removed) 156s
  [W03]   shuf 3/5: 15 clues (66 removed) 125s
  [W03]   shuf 4/5: 14 clues (67 removed) 80s
  [W03]   shuf 5/5: 16 clues (65 removed) 105s
[W03] 1/23 *** NEW MIN: 14 clues *** (581s, ETA 213min)
  [W03]   shuf 1/5: 17 clues (64 removed) 158s
  [W03]   shuf 2/5: 16 clues (65 removed) 92s
  [W03]   shuf 3/5: 14 clues (67 removed) 85s
  [W03]   shuf 4/5: 15 clues (66 removed) 103s
  [W03]   shuf 5/5: 15 clues (66 removed) 96s
[W03] 2/23 -- 14 clues (best:14) (534s, ETA 195min)
  [W03]   shuf 1/5: 16 clues (65 removed) 26s
  [W03]   shuf 2/5: 17 clues (64 removed) 19s
  [W03]   shuf 3/5: 17 clues (64 removed) 15s
  [W03]   shuf 4/5: 16 clues (65 removed) 14s
  [W03]   shuf 5/5: 16 clues (65 removed) 44s
[W03] 3/23 -- 16 clues (best:14) (118s, ETA 137min)
  [W03]   shuf 1/5: 15 clues (66 removed) 100s
  [W03]   shuf 2/5: 16 clues (65 removed) 47s
  [W03]   shuf 3/5: 16 clues (65 removed) 94s
  [W03]   shuf 4/5: 15 clues (66 removed) 48s
  [W03]   shuf 5/5: 16 clues (65 removed) 74s
[W03] 4/23 -- 15 clues (best:14) (363s, ETA 127min)
  [W03]   shuf 1/5: 15 clues (66 removed) 63s
  [W03]   shuf 2/5: 16 clues (65 removed) 25s
  [W03]   shuf 3/5: 15 clues (66 removed) 51s
  [W03]   shuf 4/5: 15 clues (66 removed) 79s
  [W03]   shuf 5/5: 18 clues (63 removed) 22s
[W03] 5/23 -- 15 clues (best:14) (239s, ETA 111min)
  [W03]   shuf 1/5: 15 clues (66 removed) 134s
  [W03]   shuf 2/5: 15 clues (66 removed) 144s
  [W03]   shuf 3/5: 15 clues (66 removed) 104s
  [W03]   shuf 4/5: 16 clues (65 removed) 108s
  [W03]   shuf 5/5: 15 clues (66 removed) 95s
[W03] 6/23 -- 15 clues (best:14) (585s, ETA 115min)
  [W03]   shuf 1/5: 16 clues (65 removed) 110s
  [W03]   shuf 2/5: 18 clues (63 removed) 12s
  [W03]   shuf 3/5: 16 clues (65 removed) 118s
  [W03]   shuf 4/5: 16 clues (65 removed) 30s
  [W03]   shuf 5/5: 15 clues (66 removed) 57s
[W03] 7/23 -- 15 clues (best:14) (327s, ETA 105min)
  [W03]   shuf 1/5: 17 clues (64 removed) 6s
  [W03]   shuf 2/5: 17 clues (64 removed) 18s
  [W03]   shuf 3/5: 17 clues (64 removed) 9s
  [W03]   shuf 4/5: 17 clues (64 removed) 73s
  [W03]   shuf 5/5: 17 clues (64 removed) 9s
[W03] 8/23 -- 17 clues (best:14) (115s, ETA 90min)
  [W03]   shuf 1/5: 17 clues (64 removed) 10s
  [W03]   shuf 2/5: 18 clues (63 removed) 6s
  [W03]   shuf 3/5: 18 clues (63 removed) 4s
  [W03]   shuf 4/5: 18 clues (63 removed) 5s
  [W03]   shuf 5/5: 17 clues (64 removed) 10s
[W03] 9/23 -- 17 clues (best:14) (34s, ETA 75min)
  [W03]   shuf 1/5: 18 clues (63 removed) 8s
  [W03]   shuf 2/5: 18 clues (63 removed) 7s
  [W03]   shuf 3/5: 17 clues (64 removed) 7s
  [W03]   shuf 4/5: 18 clues (63 removed) 31s
  [W03]   shuf 5/5: 17 clues (64 removed) 8s
[W03] 10/23 -- 17 clues (best:14) (61s, ETA 64min)
  [W03]   shuf 1/5: 16 clues (65 removed) 111s
  [W03]   shuf 2/5: 16 clues (65 removed) 56s
  [W03]   shuf 3/5: 16 clues (65 removed) 118s
  [W03]   shuf 4/5: 17 clues (64 removed) 64s
  [W03]   shuf 5/5: 15 clues (66 removed) 115s
[W03] 11/23 -- 15 clues (best:14) (463s, ETA 63min)
  [W03]   shuf 1/5: 16 clues (65 removed) 66s
  [W03]   shuf 2/5: 16 clues (65 removed) 79s
  [W03]   shuf 3/5: 16 clues (65 removed) 93s
  [W03]   shuf 4/5: 17 clues (64 removed) 10s
  [W03]   shuf 5/5: 16 clues (65 removed) 17s
[W03] 12/23 -- 16 clues (best:14) (265s, ETA 57min)
  [W03]   shuf 1/5: 16 clues (65 removed) 140s
  [W03]   shuf 2/5: 15 clues (66 removed) 118s
  [W03]   shuf 3/5: 14 clues (67 removed) 124s
  [W03]   shuf 4/5: 15 clues (66 removed) 137s
  [W03]   shuf 5/5: 14 clues (67 removed) 113s
[W03] 13/23 -- 14 clues (best:14) (632s, ETA 56min)
  [W03]   shuf 1/5: 16 clues (65 removed) 85s
  [W03]   shuf 2/5: 15 clues (66 removed) 64s
  [W03]   shuf 3/5: 15 clues (66 removed) 74s
  [W03]   shuf 4/5: 16 clues (65 removed) 108s
  [W03]   shuf 5/5: 15 clues (66 removed) 36s
[W03] 14/23 -- 15 clues (best:14) (366s, ETA 50min)
  [W03]   shuf 1/5: 17 clues (64 removed) 28s
  [W03]   shuf 2/5: 18 clues (63 removed) 13s
  [W03]   shuf 3/5: 17 clues (64 removed) 10s
  [W03]   shuf 4/5: 18 clues (63 removed) 7s
  [W03]   shuf 5/5: 17 clues (64 removed) 23s
[W03] 15/23 -- 17 clues (best:14) (80s, ETA 43min)
  [W03]   shuf 1/5: 17 clues (64 removed) 18s
  [W03]   shuf 2/5: 17 clues (64 removed) 5s
  [W03]   shuf 3/5: 18 clues (63 removed) 7s
  [W03]   shuf 4/5: 18 clues (63 removed) 18s
  [W03]   shuf 5/5: 18 clues (63 removed) 6s
[W03] 16/23 -- 17 clues (best:14) (54s, ETA 35min)
  [W03]   shuf 1/5: 17 clues (64 removed) 76s
  [W03]   shuf 2/5: 16 clues (65 removed) 36s
  [W03]   shuf 3/5: 16 clues (65 removed) 25s
  [W03]   shuf 4/5: 16 clues (65 removed) 74s
  [W03]   shuf 5/5: 16 clues (65 removed) 31s
[W03] 17/23 -- 16 clues (best:14) (243s, ETA 30min)
  [W03]   shuf 1/5: 18 clues (63 removed) 9s
  [W03]   shuf 2/5: 19 clues (62 removed) 10s
  [W03]   shuf 3/5: 17 clues (64 removed) 16s
  [W03]   shuf 4/5: 17 clues (64 removed) 16s
  [W03]   shuf 5/5: 18 clues (63 removed) 7s
[W03] 18/23 -- 17 clues (best:14) (59s, ETA 24min)
  [W03]   shuf 1/5: 16 clues (65 removed) 83s
  [W03]   shuf 2/5: 14 clues (67 removed) 30s
  [W03]   shuf 3/5: 16 clues (65 removed) 81s
  [W03]   shuf 4/5: 15 clues (66 removed) 73s
  [W03]   shuf 5/5: 17 clues (64 removed) 110s
[W03] 19/23 -- 14 clues (best:14) (376s, ETA 19min)
  [W03]   shuf 1/5: 16 clues (65 removed) 79s
  [W03]   shuf 2/5: 15 clues (66 removed) 103s
  [W03]   shuf 3/5: 15 clues (66 removed) 111s
  [W03]   shuf 4/5: 16 clues (65 removed) 81s
  [W03]   shuf 5/5: 15 clues (66 removed) 65s
[W03] 20/23 -- 15 clues (best:14) (439s, ETA 15min)
  [W03]   shuf 1/5: 17 clues (64 removed) 29s
  [W03]   shuf 2/5: 17 clues (64 removed) 15s
  [W03]   shuf 3/5: 17 clues (64 removed) 12s
  [W03]   shuf 4/5: 18 clues (63 removed) 8s
  [W03]   shuf 5/5: 17 clues (64 removed) 6s
[W03] 21/23 -- 17 clues (best:14) (69s, ETA 10min)
  [W03]   shuf 1/5: 19 clues (62 removed) 8s
  [W03]   shuf 2/5: 20 clues (61 removed) 4s
  [W03]   shuf 3/5: 19 clues (62 removed) 9s
  [W03]   shuf 4/5: 18 clues (63 removed) 11s
  [W03]   shuf 5/5: 18 clues (63 removed) 5s
[W03] 22/23 -- 18 clues (best:14) (36s, ETA 5min)
  [W03]   shuf 1/5: 18 clues (63 removed) 5s
  [W03]   shuf 2/5: 18 clues (63 removed) 3s
  [W03]   shuf 3/5: 17 clues (64 removed) 12s
  [W03]   shuf 4/5: 18 clues (63 removed) 5s
  [W03]   shuf 5/5: 18 clues (63 removed) 6s
[W03] 23/23 -- 17 clues (best:14) (31s, ETA 0min)
[W03] DONE: 23 orbits, min=14 clues, in 6115s (101.9min)
