[W09] Starting (worker 9/15)
[W09] Assigned 23 / 342 orbits
  [W09]   shuf 1/5: 16 clues (65 removed) 70s
  [W09]   shuf 2/5: 15 clues (66 removed) 99s
  [W09]   shuf 3/5: 16 clues (65 removed) 71s
  [W09]   shuf 4/5: 16 clues (65 removed) 54s
  [W09]   shuf 5/5: 15 clues (66 removed) 100s
[W09] 1/23 *** NEW MIN: 15 clues *** (394s, ETA 144min)
  [W09]   shuf 1/5: 16 clues (65 removed) 143s
  [W09]   shuf 2/5: 17 clues (64 removed) 68s
  [W09]   shuf 3/5: 16 clues (65 removed) 49s
  [W09]   shuf 4/5: 16 clues (65 removed) 65s
  [W09]   shuf 5/5: 16 clues (65 removed) 32s
[W09] 2/23 -- 16 clues (best:15) (357s, ETA 132min)
  [W09]   shuf 1/5: 15 clues (66 removed) 115s
  [W09]   shuf 2/5: 15 clues (66 removed) 109s
  [W09]   shuf 3/5: 14 clues (67 removed) 105s
  [W09]   shuf 4/5: 16 clues (65 removed) 139s
  [W09]   shuf 5/5: 15 clues (66 removed) 115s
[W09] 3/23 *** NEW MIN: 14 clues *** (583s, ETA 149min)
  [W09]   shuf 1/5: 15 clues (66 removed) 111s
  [W09]   shuf 2/5: 16 clues (65 removed) 90s
  [W09]   shuf 3/5: 16 clues (65 removed) 101s
  [W09]   shuf 4/5: 15 clues (66 removed) 62s
  [W09]   shuf 5/5: 15 clues (66 removed) 55s
[W09] 4/23 -- 15 clues (best:14) (418s, ETA 139min)
  [W09]   shuf 1/5: 19 clues (62 removed) 9s
  [W09]   shuf 2/5: 18 clues (63 removed) 9s
  [W09]   shuf 3/5: 19 clues (62 removed) 9s
  [W09]   shuf 4/5: 18 clues (63 removed) 4s
  [W09]   shuf 5/5: 18 clues (63 removed) 7s
[W09] 5/23 -- 18 clues (best:14) (38s, ETA 108min)
  [W09]   shuf 1/5: 17 clues (64 removed) 7s
  [W09]   shuf 2/5: 17 clues (64 removed) 44s
  [W09]   shuf 3/5: 18 clues (63 removed) 7s
  [W09]   shuf 4/5: 20 clues (61 removed) 9s
  [W09]   shuf 5/5: 18 clues (63 removed) 12s
[W09] 6/23 -- 17 clues (best:14) (78s, ETA 89min)
  [W09]   shuf 1/5: 16 clues (65 removed) 95s
  [W09]   shuf 2/5: 15 clues (66 removed) 58s
  [W09]   shuf 3/5: 15 clues (66 removed) 118s
  [W09]   shuf 4/5: 15 clues (66 removed) 59s
  [W09]   shuf 5/5: 16 clues (65 removed) 79s
[W09] 7/23 -- 15 clues (best:14) (409s, ETA 87min)
  [W09]   shuf 1/5: 17 clues (64 removed) 4s
  [W09]   shuf 2/5: 17 clues (64 removed) 4s
  [W09]   shuf 3/5: 18 clues (63 removed) 11s
  [W09]   shuf 4/5: 18 clues (63 removed) 8s
  [W09]   shuf 5/5: 18 clues (63 removed) 21s
[W09] 8/23 -- 17 clues (best:14) (49s, ETA 73min)
  [W09]   shuf 1/5: 15 clues (66 removed) 129s
  [W09]   shuf 2/5: 16 clues (65 removed) 116s
  [W09]   shuf 3/5: 16 clues (65 removed) 132s
  [W09]   shuf 4/5: 15 clues (66 removed) 110s
  [W09]   shuf 5/5: 14 clues (67 removed) 95s
[W09] 9/23 -- 14 clues (best:14) (582s, ETA 76min)
  [W09]   shuf 1/5: 19 clues (62 removed) 9s
  [W09]   shuf 2/5: 19 clues (62 removed) 8s
  [W09]   shuf 3/5: 18 clues (63 removed) 5s
  [W09]   shuf 4/5: 18 clues (63 removed) 11s
  [W09]   shuf 5/5: 20 clues (61 removed) 5s
[W09] 10/23 -- 18 clues (best:14) (38s, ETA 64min)
  [W09]   shuf 1/5: 15 clues (66 removed) 114s
  [W09]   shuf 2/5: 15 clues (66 removed) 134s
  [W09]   shuf 3/5: 15 clues (66 removed) 115s
  [W09]   shuf 4/5: 15 clues (66 removed) 105s
  [W09]   shuf 5/5: 16 clues (65 removed) 128s
[W09] 11/23 -- 15 clues (best:14) (595s, ETA 65min)
  [W09]   shuf 1/5: 17 clues (64 removed) 10s
  [W09]   shuf 2/5: 18 clues (63 removed) 20s
  [W09]   shuf 3/5: 17 clues (64 removed) 11s
  [W09]   shuf 4/5: 19 clues (62 removed) 5s
  [W09]   shuf 5/5: 17 clues (64 removed) 20s
[W09] 12/23 -- 17 clues (best:14) (66s, ETA 55min)
  [W09]   shuf 1/5: 16 clues (65 removed) 154s
  [W09]   shuf 2/5: 16 clues (65 removed) 175s
  [W09]   shuf 3/5: 16 clues (65 removed) 144s
  [W09]   shuf 4/5: 16 clues (65 removed) 156s
  [W09]   shuf 5/5: 14 clues (67 removed) 173s
[W09] 13/23 -- 14 clues (best:14) (803s, ETA 57min)
  [W09]   shuf 1/5: 16 clues (65 removed) 72s
  [W09]   shuf 2/5: 15 clues (66 removed) 53s
  [W09]   shuf 3/5: 15 clues (66 removed) 87s
  [W09]   shuf 4/5: 16 clues (65 removed) 92s
  [W09]   shuf 5/5: 15 clues (66 removed) 66s
[W09] 14/23 -- 15 clues (best:14) (369s, ETA 51min)
  [W09]   shuf 1/5: 16 clues (65 removed) 148s
  [W09]   shuf 2/5: 14 clues (67 removed) 112s
  [W09]   shuf 3/5: 17 clues (64 removed) 129s
  [W09]   shuf 4/5: 15 clues (66 removed) 123s
  [W09]   shuf 5/5: 14 clues (67 removed) 108s
[W09] 15/23 -- 14 clues (best:14) (620s, ETA 48min)
  [W09]   shuf 1/5: 22 clues (59 removed) 1s
  [W09]   shuf 2/5: 22 clues (59 removed) 1s
  [W09]   shuf 3/5: 22 clues (59 removed) 1s
  [W09]   shuf 4/5: 22 clues (59 removed) 1s
  [W09]   shuf 5/5: 22 clues (59 removed) 2s
[W09] 16/23 -- 22 clues (best:14) (6s, ETA 40min)
  [W09]   shuf 1/5: 16 clues (65 removed) 101s
  [W09]   shuf 2/5: 16 clues (65 removed) 112s
  [W09]   shuf 3/5: 16 clues (65 removed) 72s
  [W09]   shuf 4/5: 16 clues (65 removed) 93s
  [W09]   shuf 5/5: 15 clues (66 removed) 88s
[W09] 17/23 -- 15 clues (best:14) (466s, ETA 35min)
  [W09]   shuf 1/5: 18 clues (63 removed) 10s
  [W09]   shuf 2/5: 17 clues (64 removed) 12s
  [W09]   shuf 3/5: 18 clues (63 removed) 8s
  [W09]   shuf 4/5: 18 clues (63 removed) 10s
  [W09]   shuf 5/5: 18 clues (63 removed) 10s
[W09] 18/23 -- 17 clues (best:14) (49s, ETA 28min)
  [W09]   shuf 1/5: 19 clues (62 removed) 8s
  [W09]   shuf 2/5: 19 clues (62 removed) 5s
  [W09]   shuf 3/5: 19 clues (62 removed) 3s
  [W09]   shuf 4/5: 20 clues (61 removed) 4s
  [W09]   shuf 5/5: 19 clues (62 removed) 4s
[W09] 19/23 -- 19 clues (best:14) (23s, ETA 21min)
  [W09]   shuf 1/5: 14 clues (67 removed) 120s
  [W09]   shuf 2/5: 13 clues (68 removed) 104s
  [W09]   shuf 3/5: 15 clues (66 removed) 67s
  [W09]   shuf 4/5: 15 clues (66 removed) 125s
  [W09]   shuf 5/5: 14 clues (67 removed) 89s
[W09] 20/23 *** NEW MIN: 13 clues *** (504s, ETA 16min)
  [W09]   shuf 1/5: 14 clues (67 removed) 102s
  [W09]   shuf 2/5: 15 clues (66 removed) 148s
  [W09]   shuf 3/5: 15 clues (66 removed) 123s
  [W09]   shuf 4/5: 14 clues (67 removed) 101s
  [W09]   shuf 5/5: 14 clues (67 removed) 126s
[W09] 21/23 -- 14 clues (best:13) (601s, ETA 11min)
  [W09]   shuf 1/5: 16 clues (65 removed) 106s
  [W09]   shuf 2/5: 15 clues (66 removed) 24s
  [W09]   shuf 3/5: 15 clues (66 removed) 73s
  [W09]   shuf 4/5: 15 clues (66 removed) 74s
  [W09]   shuf 5/5: 15 clues (66 removed) 98s
[W09] 22/23 -- 15 clues (best:13) (376s, ETA 6min)
  [W09]   shuf 1/5: 15 clues (66 removed) 136s
  [W09]   shuf 2/5: 15 clues (66 removed) 106s
  [W09]   shuf 3/5: 14 clues (67 removed) 147s
  [W09]   shuf 4/5: 15 clues (66 removed) 82s
