[W02] Starting (worker 2/15)
[W02] Assigned 23 / 342 orbits
  [W02]   shuf 1/5: 16 clues (65 removed) 107s
  [W02]   shuf 2/5: 15 clues (66 removed) 51s
  [W02]   shuf 3/5: 16 clues (65 removed) 138s
  [W02]   shuf 4/5: 15 clues (66 removed) 80s
  [W02]   shuf 5/5: 16 clues (65 removed) 92s
[W02] 1/23 *** NEW MIN: 15 clues *** (470s, ETA 172min)
  [W02]   shuf 1/5: 17 clues (64 removed) 14s
  [W02]   shuf 2/5: 17 clues (64 removed) 6s
  [W02]   shuf 3/5: 17 clues (64 removed) 7s
  [W02]   shuf 4/5: 19 clues (62 removed) 8s
  [W02]   shuf 5/5: 17 clues (64 removed) 11s
[W02] 2/23 -- 17 clues (best:15) (45s, ETA 90min)
  [W02]   shuf 1/5: 16 clues (65 removed) 56s
  [W02]   shuf 2/5: 17 clues (64 removed) 14s
  [W02]   shuf 3/5: 16 clues (65 removed) 27s
  [W02]   shuf 4/5: 17 clues (64 removed) 20s
  [W02]   shuf 5/5: 17 clues (64 removed) 24s
[W02] 3/23 -- 16 clues (best:15) (143s, ETA 73min)
  [W02]   shuf 1/5: 17 clues (64 removed) 11s
  [W02]   shuf 2/5: 18 clues (63 removed) 12s
  [W02]   shuf 3/5: 18 clues (63 removed) 13s
  [W02]   shuf 4/5: 17 clues (64 removed) 17s
  [W02]   shuf 5/5: 18 clues (63 removed) 13s
[W02] 4/23 -- 17 clues (best:15) (66s, ETA 58min)
  [W02]   shuf 1/5: 17 clues (64 removed) 45s
  [W02]   shuf 2/5: 17 clues (64 removed) 98s
  [W02]   shuf 3/5: 16 clues (65 removed) 91s
  [W02]   shuf 4/5: 15 clues (66 removed) 71s
  [W02]   shuf 5/5: 15 clues (66 removed) 48s
[W02] 5/23 -- 15 clues (best:15) (352s, ETA 65min)
  [W02]   shuf 1/5: 16 clues (65 removed) 59s
  [W02]   shuf 2/5: 15 clues (66 removed) 66s
  [W02]   shuf 3/5: 16 clues (65 removed) 38s
  [W02]   shuf 4/5: 16 clues (65 removed) 47s
  [W02]   shuf 5/5: 16 clues (65 removed) 136s
[W02] 6/23 -- 15 clues (best:15) (344s, ETA 68min)
  [W02]   shuf 1/5: 16 clues (65 removed) 83s
  [W02]   shuf 2/5: 16 clues (65 removed) 99s
  [W02]   shuf 3/5: 15 clues (66 removed) 101s
  [W02]   shuf 4/5: 15 clues (66 removed) 77s
  [W02]   shuf 5/5: 16 clues (65 removed) 103s
[W02] 7/23 -- 15 clues (best:15) (463s, ETA 72min)
  [W02]   shuf 1/5: 17 clues (64 removed) 9s
  [W02]   shuf 2/5: 17 clues (64 removed) 7s
  [W02]   shuf 3/5: 18 clues (63 removed) 10s
  [W02]   shuf 4/5: 18 clues (63 removed) 5s
  [W02]   shuf 5/5: 17 clues (64 removed) 19s
[W02] 8/23 -- 17 clues (best:15) (50s, ETA 61min)
  [W02]   shuf 1/5: 15 clues (66 removed) 96s
  [W02]   shuf 2/5: 16 clues (65 removed) 132s
  [W02]   shuf 3/5: 16 clues (65 removed) 83s
  [W02]   shuf 4/5: 16 clues (65 removed) 13s
  [W02]   shuf 5/5: 16 clues (65 removed) 111s
[W02] 9/23 -- 15 clues (best:15) (435s, ETA 62min)
  [W02]   shuf 1/5: 18 clues (63 removed) 8s
  [W02]   shuf 2/5: 17 clues (64 removed) 16s
  [W02]   shuf 3/5: 18 clues (63 removed) 39s
  [W02]   shuf 4/5: 17 clues (64 removed) 17s
  [W02]   shuf 5/5: 18 clues (63 removed) 6s
[W02] 10/23 -- 17 clues (best:15) (85s, ETA 54min)
  [W02]   shuf 1/5: 16 clues (65 removed) 129s
  [W02]   shuf 2/5: 16 clues (65 removed) 117s
  [W02]   shuf 3/5: 15 clues (66 removed) 123s
  [W02]   shuf 4/5: 14 clues (67 removed) 47s
  [W02]   shuf 5/5: 15 clues (66 removed) 107s
[W02] 11/23 *** NEW MIN: 14 clues *** (524s, ETA 54min)
  [W02]   shuf 1/5: 15 clues (66 removed) 138s
  [W02]   shuf 2/5: 14 clues (67 removed) 136s
  [W02]   shuf 3/5: 15 clues (66 removed) 135s
  [W02]   shuf 4/5: 16 clues (65 removed) 112s
  [W02]   shuf 5/5: 15 clues (66 removed) 123s
[W02] 12/23 -- 14 clues (best:14) (644s, ETA 56min)
  [W02]   shuf 1/5: 16 clues (65 removed) 153s
  [W02]   shuf 2/5: 16 clues (65 removed) 125s
  [W02]   shuf 3/5: 14 clues (67 removed) 121s
  [W02]   shuf 4/5: 16 clues (65 removed) 142s
  [W02]   shuf 5/5: 15 clues (66 removed) 126s
[W02] 13/23 -- 14 clues (best:14) (667s, ETA 55min)
  [W02]   shuf 1/5: 17 clues (64 removed) 8s
  [W02]   shuf 2/5: 17 clues (64 removed) 20s
  [W02]   shuf 3/5: 17 clues (64 removed) 19s
  [W02]   shuf 4/5: 17 clues (64 removed) 25s
  [W02]   shuf 5/5: 17 clues (64 removed) 62s
[W02] 14/23 -- 17 clues (best:14) (134s, ETA 48min)
  [W02]   shuf 1/5: 20 clues (61 removed) 2s
  [W02]   shuf 2/5: 18 clues (63 removed) 9s
  [W02]   shuf 3/5: 18 clues (63 removed) 11s
  [W02]   shuf 4/5: 18 clues (63 removed) 4s
  [W02]   shuf 5/5: 18 clues (63 removed) 7s
[W02] 15/23 -- 18 clues (best:14) (32s, ETA 40min)
  [W02]   shuf 1/5: 15 clues (66 removed) 83s
  [W02]   shuf 2/5: 15 clues (66 removed) 92s
  [W02]   shuf 3/5: 15 clues (66 removed) 110s
  [W02]   shuf 4/5: 16 clues (65 removed) 25s
  [W02]   shuf 5/5: 15 clues (66 removed) 114s
[W02] 16/23 -- 15 clues (best:14) (423s, ETA 36min)
  [W02]   shuf 1/5: 16 clues (65 removed) 76s
  [W02]   shuf 2/5: 16 clues (65 removed) 69s
  [W02]   shuf 3/5: 18 clues (63 removed) 9s
  [W02]   shuf 4/5: 16 clues (65 removed) 20s
  [W02]   shuf 5/5: 16 clues (65 removed) 60s
[W02] 17/23 -- 16 clues (best:14) (233s, ETA 30min)
  [W02]   shuf 1/5: 16 clues (65 removed) 59s
  [W02]   shuf 2/5: 15 clues (66 removed) 98s
  [W02]   shuf 3/5: 15 clues (66 removed) 106s
  [W02]   shuf 4/5: 13 clues (68 removed) 80s
  [W02]   shuf 5/5: 15 clues (66 removed) 75s
[W02] 18/23 *** NEW MIN: 13 clues *** (417s, ETA 26min)
  [W02]   shuf 1/5: 15 clues (66 removed) 52s
  [W02]   shuf 2/5: 15 clues (66 removed) 88s
  [W02]   shuf 3/5: 15 clues (66 removed) 53s
  [W02]   shuf 4/5: 15 clues (66 removed) 65s
  [W02]   shuf 5/5: 15 clues (66 removed) 80s
[W02] 19/23 -- 15 clues (best:13) (337s, ETA 21min)
  [W02]   shuf 1/5: 17 clues (64 removed) 17s
  [W02]   shuf 2/5: 18 clues (63 removed) 12s
  [W02]   shuf 3/5: 18 clues (63 removed) 12s
  [W02]   shuf 4/5: 18 clues (63 removed) 8s
  [W02]   shuf 5/5: 17 clues (64 removed) 11s
[W02] 20/23 -- 17 clues (best:13) (60s, ETA 15min)
  [W02]   shuf 1/5: 17 clues (64 removed) 15s
  [W02]   shuf 2/5: 17 clues (64 removed) 11s
  [W02]   shuf 3/5: 18 clues (63 removed) 12s
  [W02]   shuf 4/5: 17 clues (64 removed) 7s
  [W02]   shuf 5/5: 17 clues (64 removed) 36s
[W02] 21/23 -- 17 clues (best:13) (81s, ETA 10min)
  [W02]   shuf 1/5: 16 clues (65 removed) 52s
  [W02]   shuf 2/5: 16 clues (65 removed) 114s
  [W02]   shuf 3/5: 16 clues (65 removed) 106s
  [W02]   shuf 4/5: 15 clues (66 removed) 37s
  [W02]   shuf 5/5: 15 clues (66 removed) 89s
[W02] 22/23 -- 15 clues (best:13) (398s, ETA 5min)
  [W02]   shuf 1/5: 18 clues (63 removed) 9s
  [W02]   shuf 2/5: 17 clues (64 removed) 15s
  [W02]   shuf 3/5: 17 clues (64 removed) 9s
  [W02]   shuf 4/5: 18 clues (63 removed) 8s
  [W02]   shuf 5/5: 17 clues (64 removed) 3s
[W02] 23/23 -- 17 clues (best:13) (44s, ETA 0min)
[W02] DONE: 23 orbits, min=13 clues, in 6494s (108.2min)
