[W01] Starting (worker 1/15)
[W01] Assigned 23 / 342 orbits
  [W01]   shuf 1/5: 16 clues (65 removed) 70s
  [W01]   shuf 2/5: 17 clues (64 removed) 15s
  [W01]   shuf 3/5: 15 clues (66 removed) 34s
  [W01]   shuf 4/5: 16 clues (65 removed) 54s
  [W01]   shuf 5/5: 16 clues (65 removed) 24s
[W01] 1/23 *** NEW MIN: 15 clues *** (197s, ETA 72min)
  [W01]   shuf 1/5: 17 clues (64 removed) 73s
  [W01]   shuf 2/5: 17 clues (64 removed) 10s
  [W01]   shuf 3/5: 18 clues (63 removed) 15s
  [W01]   shuf 4/5: 17 clues (64 removed) 19s
  [W01]   shuf 5/5: 17 clues (64 removed) 18s
[W01] 2/23 -- 17 clues (best:15) (133s, ETA 58min)
  [W01]   shuf 1/5: 19 clues (62 removed) 6s
  [W01]   shuf 2/5: 18 clues (63 removed) 7s
  [W01]   shuf 3/5: 19 clues (62 removed) 10s
  [W01]   shuf 4/5: 19 clues (62 removed) 6s
  [W01]   shuf 5/5: 18 clues (63 removed) 9s
[W01] 3/23 -- 18 clues (best:15) (37s, ETA 41min)
  [W01]   shuf 1/5: 17 clues (64 removed) 12s
  [W01]   shuf 2/5: 18 clues (63 removed) 9s
  [W01]   shuf 3/5: 17 clues (64 removed) 19s
  [W01]   shuf 4/5: 18 clues (63 removed) 5s
  [W01]   shuf 5/5: 18 clues (63 removed) 8s
[W01] 4/23 -- 17 clues (best:15) (53s, ETA 34min)
  [W01]   shuf 1/5: 15 clues (66 removed) 48s
  [W01]   shuf 2/5: 15 clues (66 removed) 92s
  [W01]   shuf 3/5: 16 clues (65 removed) 81s
  [W01]   shuf 4/5: 16 clues (65 removed) 65s
  [W01]   shuf 5/5: 17 clues (64 removed) 91s
[W01] 5/23 -- 15 clues (best:15) (376s, ETA 48min)
  [W01]   shuf 1/5: 16 clues (65 removed) 13s
  [W01]   shuf 2/5: 15 clues (66 removed) 89s
  [W01]   shuf 3/5: 15 clues (66 removed) 115s
  [W01]   shuf 4/5: 16 clues (65 removed) 109s
  [W01]   shuf 5/5: 16 clues (65 removed) 28s
[W01] 6/23 -- 15 clues (best:15) (355s, ETA 55min)
  [W01]   shuf 1/5: 16 clues (65 removed) 161s
  [W01]   shuf 2/5: 15 clues (66 removed) 129s
  [W01]   shuf 3/5: 16 clues (65 removed) 153s
  [W01]   shuf 4/5: 15 clues (66 removed) 106s
  [W01]   shuf 5/5: 15 clues (66 removed) 63s
[W01] 7/23 -- 15 clues (best:15) (613s, ETA 68min)
  [W01]   shuf 1/5: 15 clues (66 removed) 101s
  [W01]   shuf 2/5: 16 clues (65 removed) 113s
  [W01]   shuf 3/5: 16 clues (65 removed) 79s
  [W01]   shuf 4/5: 14 clues (67 removed) 115s
  [W01]   shuf 5/5: 15 clues (66 removed) 91s
[W01] 8/23 *** NEW MIN: 14 clues *** (499s, ETA 71min)
  [W01]   shuf 1/5: 15 clues (66 removed) 35s
  [W01]   shuf 2/5: 15 clues (66 removed) 69s
  [W01]   shuf 3/5: 15 clues (66 removed) 56s
  [W01]   shuf 4/5: 15 clues (66 removed) 106s
  [W01]   shuf 5/5: 16 clues (65 removed) 137s
[W01] 9/23 -- 15 clues (best:14) (403s, ETA 70min)
  [W01]   shuf 1/5: 16 clues (65 removed) 57s
  [W01]   shuf 2/5: 16 clues (65 removed) 83s
  [W01]   shuf 3/5: 15 clues (66 removed) 102s
  [W01]   shuf 4/5: 15 clues (66 removed) 120s
  [W01]   shuf 5/5: 15 clues (66 removed) 79s
[W01] 10/23 -- 15 clues (best:14) (441s, ETA 68min)
  [W01]   shuf 1/5: 17 clues (64 removed) 15s
  [W01]   shuf 2/5: 17 clues (64 removed) 9s
  [W01]   shuf 3/5: 17 clues (64 removed) 23s
  [W01]   shuf 4/5: 19 clues (62 removed) 8s
  [W01]   shuf 5/5: 17 clues (64 removed) 10s
[W01] 11/23 -- 17 clues (best:14) (66s, ETA 58min)
  [W01]   shuf 1/5: 15 clues (66 removed) 101s
  [W01]   shuf 2/5: 17 clues (64 removed) 121s
  [W01]   shuf 3/5: 15 clues (66 removed) 107s
  [W01]   shuf 4/5: 15 clues (66 removed) 136s
  [W01]   shuf 5/5: 15 clues (66 removed) 105s
[W01] 12/23 -- 15 clues (best:14) (570s, ETA 58min)
  [W01]   shuf 1/5: 16 clues (65 removed) 35s
  [W01]   shuf 2/5: 16 clues (65 removed) 111s
  [W01]   shuf 3/5: 16 clues (65 removed) 74s
  [W01]   shuf 4/5: 15 clues (66 removed) 66s
  [W01]   shuf 5/5: 15 clues (66 removed) 46s
[W01] 13/23 -- 15 clues (best:14) (333s, ETA 53min)
  [W01]   shuf 1/5: 18 clues (63 removed) 4s
  [W01]   shuf 2/5: 18 clues (63 removed) 8s
  [W01]   shuf 3/5: 17 clues (64 removed) 19s
  [W01]   shuf 4/5: 17 clues (64 removed) 8s
  [W01]   shuf 5/5: 17 clues (64 removed) 12s
[W01] 14/23 -- 17 clues (best:14) (51s, ETA 44min)
  [W01]   shuf 1/5: 17 clues (64 removed) 71s
  [W01]   shuf 2/5: 16 clues (65 removed) 92s
  [W01]   shuf 3/5: 16 clues (65 removed) 39s
  [W01]   shuf 4/5: 16 clues (65 removed) 41s
  [W01]   shuf 5/5: 16 clues (65 removed) 32s
[W01] 15/23 -- 16 clues (best:14) (274s, ETA 39min)
  [W01]   shuf 1/5: 16 clues (65 removed) 114s
  [W01]   shuf 2/5: 16 clues (65 removed) 92s
  [W01]   shuf 3/5: 16 clues (65 removed) 97s
  [W01]   shuf 4/5: 16 clues (65 removed) 88s
  [W01]   shuf 5/5: 15 clues (66 removed) 56s
[W01] 16/23 -- 15 clues (best:14) (447s, ETA 36min)
  [W01]   shuf 1/5: 15 clues (66 removed) 139s
  [W01]   shuf 2/5: 16 clues (65 removed) 153s
  [W01]   shuf 3/5: 17 clues (64 removed) 143s
  [W01]   shuf 4/5: 16 clues (65 removed) 111s
  [W01]   shuf 5/5: 15 clues (66 removed) 75s
[W01] 17/23 -- 15 clues (best:14) (622s, ETA 32min)
  [W01]   shuf 1/5: 15 clues (66 removed) 97s
  [W01]   shuf 2/5: 15 clues (66 removed) 63s
  [W01]   shuf 3/5: 15 clues (66 removed) 80s
  [W01]   shuf 4/5: 16 clues (65 removed) 157s
  [W01]   shuf 5/5: 14 clues (67 removed) 120s
[W01] 18/23 -- 14 clues (best:14) (516s, ETA 28min)
  [W01]   shuf 1/5: 19 clues (62 removed) 22s
  [W01]   shuf 2/5: 19 clues (62 removed) 6s
  [W01]   shuf 3/5: 19 clues (62 removed) 3s
  [W01]   shuf 4/5: 19 clues (62 removed) 6s
  [W01]   shuf 5/5: 19 clues (62 removed) 6s
[W01] 19/23 -- 19 clues (best:14) (43s, ETA 21min)
  [W01]   shuf 1/5: 18 clues (63 removed) 7s
  [W01]   shuf 2/5: 18 clues (63 removed) 11s
  [W01]   shuf 3/5: 18 clues (63 removed) 8s
  [W01]   shuf 4/5: 18 clues (63 removed) 5s
  [W01]   shuf 5/5: 18 clues (63 removed) 7s
[W01] 20/23 -- 18 clues (best:14) (38s, ETA 15min)
  [W01]   shuf 1/5: 15 clues (66 removed) 93s
  [W01]   shuf 2/5: 16 clues (65 removed) 94s
  [W01]   shuf 3/5: 15 clues (66 removed) 75s
  [W01]   shuf 4/5: 18 clues (63 removed) 4s
  [W01]   shuf 5/5: 15 clues (66 removed) 70s
[W01] 21/23 -- 15 clues (best:14) (336s, ETA 10min)
  [W01]   shuf 1/5: 15 clues (66 removed) 44s
  [W01]   shuf 2/5: 15 clues (66 removed) 59s
  [W01]   shuf 3/5: 15 clues (66 removed) 30s
  [W01]   shuf 4/5: 16 clues (65 removed) 73s
  [W01]   shuf 5/5: 15 clues (66 removed) 62s
[W01] 22/23 -- 15 clues (best:14) (268s, ETA 5min)
  [W01]   shuf 1/5: 16 clues (65 removed) 103s
  [W01]   shuf 2/5: 15 clues (66 removed) 70s
  [W01]   shuf 3/5: 15 clues (66 removed) 46s
  [W01]   shuf 4/5: 15 clues (66 removed) 114s
  [W01]   shuf 5/5: 15 clues (66 removed) 98s
[W01] 23/23 -- 15 clues (best:14) (431s, ETA 0min)
[W01] DONE: 23 orbits, min=14 clues, in 7149s (119.2min)
