[W00] Starting (worker 0/15)
[W00] Assigned 23 / 342 orbits
  [W00]   shuf 1/5: 15 clues (66 removed) 30s
  [W00]   shuf 2/5: 16 clues (65 removed) 37s
  [W00]   shuf 3/5: 16 clues (65 removed) 81s
  [W00]   shuf 4/5: 16 clues (65 removed) 50s
  [W00]   shuf 5/5: 16 clues (65 removed) 77s
[W00] 1/23 *** NEW MIN: 15 clues *** (275s, ETA 101min)
  [W00]   shuf 1/5: 17 clues (64 removed) 54s
  [W00]   shuf 2/5: 18 clues (63 removed) 14s
  [W00]   shuf 3/5: 17 clues (64 removed) 33s
  [W00]   shuf 4/5: 17 clues (64 removed) 25s
  [W00]   shuf 5/5: 17 clues (64 removed) 12s
[W00] 2/23 -- 17 clues (best:15) (137s, ETA 73min)
  [W00]   shuf 1/5: 17 clues (64 removed) 8s
  [W00]   shuf 2/5: 18 clues (63 removed) 9s
  [W00]   shuf 3/5: 17 clues (64 removed) 11s
  [W00]   shuf 4/5: 19 clues (62 removed) 9s
  [W00]   shuf 5/5: 19 clues (62 removed) 7s
[W00] 3/23 -- 17 clues (best:15) (44s, ETA 51min)
  [W00]   shuf 1/5: 17 clues (64 removed) 13s
  [W00]   shuf 2/5: 18 clues (63 removed) 12s
  [W00]   shuf 3/5: 18 clues (63 removed) 7s
  [W00]   shuf 4/5: 18 clues (63 removed) 5s
  [W00]   shuf 5/5: 18 clues (63 removed) 14s
[W00] 4/23 -- 17 clues (best:15) (52s, ETA 41min)
  [W00]   shuf 1/5: 15 clues (66 removed) 81s
  [W00]   shuf 2/5: 15 clues (66 removed) 103s
  [W00]   shuf 3/5: 15 clues (66 removed) 59s
  [W00]   shuf 4/5: 15 clues (66 removed) 80s
  [W00]   shuf 5/5: 16 clues (65 removed) 52s
[W00] 5/23 -- 15 clues (best:15) (375s, ETA 53min)
  [W00]   shuf 1/5: 16 clues (65 removed) 122s
  [W00]   shuf 2/5: 15 clues (66 removed) 129s
  [W00]   shuf 3/5: 16 clues (65 removed) 72s
  [W00]   shuf 4/5: 15 clues (66 removed) 43s
  [W00]   shuf 5/5: 15 clues (66 removed) 58s
[W00] 6/23 -- 15 clues (best:15) (423s, ETA 62min)
  [W00]   shuf 1/5: 15 clues (66 removed) 114s
  [W00]   shuf 2/5: 15 clues (66 removed) 112s
  [W00]   shuf 3/5: 15 clues (66 removed) 121s
  [W00]   shuf 4/5: 16 clues (65 removed) 35s
  [W00]   shuf 5/5: 15 clues (66 removed) 116s
[W00] 7/23 -- 15 clues (best:15) (498s, ETA 69min)
  [W00]   shuf 1/5: 15 clues (66 removed) 68s
  [W00]   shuf 2/5: 16 clues (65 removed) 145s
  [W00]   shuf 3/5: 17 clues (64 removed) 76s
  [W00]   shuf 4/5: 15 clues (66 removed) 109s
  [W00]   shuf 5/5: 15 clues (66 removed) 98s
[W00] 8/23 -- 15 clues (best:15) (497s, ETA 72min)
  [W00]   shuf 1/5: 15 clues (66 removed) 97s
  [W00]   shuf 2/5: 15 clues (66 removed) 94s
  [W00]   shuf 3/5: 15 clues (66 removed) 116s
  [W00]   shuf 4/5: 15 clues (66 removed) 104s
  [W00]   shuf 5/5: 16 clues (65 removed) 65s
[W00] 9/23 -- 15 clues (best:15) (477s, ETA 72min)
  [W00]   shuf 1/5: 15 clues (66 removed) 60s
  [W00]   shuf 2/5: 15 clues (66 removed) 70s
  [W00]   shuf 3/5: 16 clues (65 removed) 68s
  [W00]   shuf 4/5: 15 clues (66 removed) 125s
  [W00]   shuf 5/5: 15 clues (66 removed) 96s
[W00] 10/23 -- 15 clues (best:15) (420s, ETA 70min)
  [W00]   shuf 1/5: 18 clues (63 removed) 8s
  [W00]   shuf 2/5: 17 clues (64 removed) 9s
  [W00]   shuf 3/5: 18 clues (63 removed) 18s
  [W00]   shuf 4/5: 18 clues (63 removed) 12s
  [W00]   shuf 5/5: 17 clues (64 removed) 9s
[W00] 11/23 -- 17 clues (best:15) (55s, ETA 59min)
  [W00]   shuf 1/5: 17 clues (64 removed) 9s
  [W00]   shuf 2/5: 17 clues (64 removed) 11s
  [W00]   shuf 3/5: 17 clues (64 removed) 4s
  [W00]   shuf 4/5: 17 clues (64 removed) 5s
  [W00]   shuf 5/5: 18 clues (63 removed) 11s
[W00] 12/23 -- 17 clues (best:15) (40s, ETA 51min)
  [W00]   shuf 1/5: 16 clues (65 removed) 110s
  [W00]   shuf 2/5: 16 clues (65 removed) 138s
  [W00]   shuf 3/5: 16 clues (65 removed) 36s
  [W00]   shuf 4/5: 16 clues (65 removed) 22s
  [W00]   shuf 5/5: 17 clues (64 removed) 31s
[W00] 13/23 -- 16 clues (best:15) (338s, ETA 47min)
  [W00]   shuf 1/5: 22 clues (59 removed) 2s
  [W00]   shuf 2/5: 22 clues (59 removed) 1s
  [W00]   shuf 3/5: 22 clues (59 removed) 2s
  [W00]   shuf 4/5: 22 clues (59 removed) 1s
  [W00]   shuf 5/5: 22 clues (59 removed) 1s
[W00] 14/23 -- 22 clues (best:15) (7s, ETA 39min)
  [W00]   shuf 1/5: 15 clues (66 removed) 16s
  [W00]   shuf 2/5: 16 clues (65 removed) 30s
  [W00]   shuf 3/5: 15 clues (66 removed) 62s
  [W00]   shuf 4/5: 16 clues (65 removed) 38s
  [W00]   shuf 5/5: 17 clues (64 removed) 29s
[W00] 15/23 -- 15 clues (best:15) (176s, ETA 34min)
  [W00]   shuf 1/5: 17 clues (64 removed) 8s
  [W00]   shuf 2/5: 16 clues (65 removed) 27s
  [W00]   shuf 3/5: 16 clues (65 removed) 67s
  [W00]   shuf 4/5: 16 clues (65 removed) 26s
  [W00]   shuf 5/5: 15 clues (66 removed) 40s
[W00] 16/23 -- 15 clues (best:15) (168s, ETA 29min)
  [W00]   shuf 1/5: 15 clues (66 removed) 45s
  [W00]   shuf 2/5: 15 clues (66 removed) 101s
  [W00]   shuf 3/5: 16 clues (65 removed) 120s
  [W00]   shuf 4/5: 16 clues (65 removed) 108s
  [W00]   shuf 5/5: 15 clues (66 removed) 74s
[W00] 17/23 -- 15 clues (best:15) (449s, ETA 26min)
  [W00]   shuf 1/5: 17 clues (64 removed) 11s
  [W00]   shuf 2/5: 16 clues (65 removed) 111s
  [W00]   shuf 3/5: 17 clues (64 removed) 11s
  [W00]   shuf 4/5: 16 clues (65 removed) 59s
  [W00]   shuf 5/5: 16 clues (65 removed) 44s
[W00] 18/23 -- 16 clues (best:15) (237s, ETA 22min)
  [W00]   shuf 1/5: 18 clues (63 removed) 6s
  [W00]   shuf 2/5: 20 clues (61 removed) 9s
  [W00]   shuf 3/5: 18 clues (63 removed) 12s
  [W00]   shuf 4/5: 18 clues (63 removed) 9s
  [W00]   shuf 5/5: 19 clues (62 removed) 5s
[W00] 19/23 -- 18 clues (best:15) (41s, ETA 17min)
  [W00]   shuf 1/5: 17 clues (64 removed) 18s
  [W00]   shuf 2/5: 18 clues (63 removed) 18s
  [W00]   shuf 3/5: 17 clues (64 removed) 15s
  [W00]   shuf 4/5: 17 clues (64 removed) 30s
  [W00]   shuf 5/5: 18 clues (63 removed) 5s
[W00] 20/23 -- 17 clues (best:15) (86s, ETA 12min)
  [W00]   shuf 1/5: 15 clues (66 removed) 36s
  [W00]   shuf 2/5: 17 clues (64 removed) 48s
  [W00]   shuf 3/5: 16 clues (65 removed) 124s
  [W00]   shuf 4/5: 15 clues (66 removed) 102s
  [W00]   shuf 5/5: 16 clues (65 removed) 112s
[W00] 21/23 -- 15 clues (best:15) (423s, ETA 8min)
  [W00]   shuf 1/5: 18 clues (63 removed) 14s
  [W00]   shuf 2/5: 18 clues (63 removed) 9s
  [W00]   shuf 3/5: 18 clues (63 removed) 9s
  [W00]   shuf 4/5: 17 clues (64 removed) 18s
  [W00]   shuf 5/5: 18 clues (63 removed) 7s
[W00] 22/23 -- 17 clues (best:15) (56s, ETA 4min)
  [W00]   shuf 1/5: 15 clues (66 removed) 94s
  [W00]   shuf 2/5: 16 clues (65 removed) 134s
  [W00]   shuf 3/5: 15 clues (66 removed) 98s
  [W00]   shuf 4/5: 15 clues (66 removed) 49s
  [W00]   shuf 5/5: 15 clues (66 removed) 94s
[W00] 23/23 -- 15 clues (best:15) (468s, ETA 0min)
[W00] DONE: 23 orbits, min=15 clues, in 5786s (96.4min)
