[W13] Starting (worker 13/15)
[W13] Assigned 22 / 342 orbits
  [W13]   shuf 1/5: 15 clues (66 removed) 94s
  [W13]   shuf 2/5: 15 clues (66 removed) 136s
  [W13]   shuf 3/5: 16 clues (65 removed) 76s
  [W13]   shuf 4/5: 15 clues (66 removed) 79s
  [W13]   shuf 5/5: 16 clues (65 removed) 155s
[W13] 1/22 *** NEW MIN: 15 clues *** (541s, ETA 189min)
  [W13]   shuf 1/5: 16 clues (65 removed) 94s
  [W13]   shuf 2/5: 16 clues (65 removed) 15s
  [W13]   shuf 3/5: 16 clues (65 removed) 93s
  [W13]   shuf 4/5: 16 clues (65 removed) 129s
  [W13]   shuf 5/5: 16 clues (65 removed) 144s
[W13] 2/22 -- 16 clues (best:15) (475s, ETA 170min)
  [W13]   shuf 1/5: 18 clues (63 removed) 5s
  [W13]   shuf 2/5: 19 clues (62 removed) 6s
  [W13]   shuf 3/5: 18 clues (63 removed) 48s
  [W13]   shuf 4/5: 19 clues (62 removed) 10s
  [W13]   shuf 5/5: 18 clues (63 removed) 8s
[W13] 3/22 -- 18 clues (best:15) (77s, ETA 116min)
  [W13]   shuf 1/5: 17 clues (64 removed) 19s
  [W13]   shuf 2/5: 19 clues (62 removed) 8s
  [W13]   shuf 3/5: 17 clues (64 removed) 23s
  [W13]   shuf 4/5: 19 clues (62 removed) 9s
  [W13]   shuf 5/5: 18 clues (63 removed) 12s
[W13] 4/22 -- 17 clues (best:15) (71s, ETA 88min)
  [W13]   shuf 1/5: 16 clues (65 removed) 48s
  [W13]   shuf 2/5: 16 clues (65 removed) 115s
  [W13]   shuf 3/5: 15 clues (66 removed) 135s
  [W13]   shuf 4/5: 16 clues (65 removed) 105s
  [W13]   shuf 5/5: 17 clues (64 removed) 111s
[W13] 5/22 -- 15 clues (best:15) (515s, ETA 96min)
  [W13]   shuf 1/5: 15 clues (66 removed) 77s
  [W13]   shuf 2/5: 16 clues (65 removed) 112s
  [W13]   shuf 3/5: 17 clues (64 removed) 39s
  [W13]   shuf 4/5: 14 clues (67 removed) 61s
  [W13]   shuf 5/5: 16 clues (65 removed) 52s
[W13] 6/22 *** NEW MIN: 14 clues *** (340s, ETA 90min)
  [W13]   shuf 1/5: 18 clues (63 removed) 15s
  [W13]   shuf 2/5: 19 clues (62 removed) 4s
  [W13]   shuf 3/5: 18 clues (63 removed) 8s
  [W13]   shuf 4/5: 17 clues (64 removed) 14s
  [W13]   shuf 5/5: 18 clues (63 removed) 13s
[W13] 7/22 -- 17 clues (best:14) (54s, ETA 74min)
  [W13]   shuf 1/5: 15 clues (66 removed) 101s
  [W13]   shuf 2/5: 16 clues (65 removed) 109s
  [W13]   shuf 3/5: 16 clues (65 removed) 121s
  [W13]   shuf 4/5: 16 clues (65 removed) 88s
  [W13]   shuf 5/5: 15 clues (66 removed) 99s
[W13] 8/22 -- 15 clues (best:14) (517s, ETA 76min)
  [W13]   shuf 1/5: 17 clues (64 removed) 18s
  [W13]   shuf 2/5: 17 clues (64 removed) 18s
  [W13]   shuf 3/5: 18 clues (63 removed) 14s
  [W13]   shuf 4/5: 18 clues (63 removed) 2s
  [W13]   shuf 5/5: 17 clues (64 removed) 16s
[W13] 9/22 -- 17 clues (best:14) (68s, ETA 64min)
  [W13]   shuf 1/5: 16 clues (65 removed) 86s
  [W13]   shuf 2/5: 15 clues (66 removed) 73s
  [W13]   shuf 3/5: 14 clues (67 removed) 77s
  [W13]   shuf 4/5: 15 clues (66 removed) 87s
  [W13]   shuf 5/5: 15 clues (66 removed) 117s
[W13] 10/22 -- 14 clues (best:14) (440s, ETA 62min)
  [W13]   shuf 1/5: 16 clues (65 removed) 78s
  [W13]   shuf 2/5: 16 clues (65 removed) 32s
  [W13]   shuf 3/5: 18 clues (63 removed) 21s
  [W13]   shuf 4/5: 17 clues (64 removed) 75s
  [W13]   shuf 5/5: 16 clues (65 removed) 31s
[W13] 11/22 -- 16 clues (best:14) (237s, ETA 56min)
  [W13]   shuf 1/5: 18 clues (63 removed) 7s
  [W13]   shuf 2/5: 17 clues (64 removed) 10s
  [W13]   shuf 3/5: 18 clues (63 removed) 12s
  [W13]   shuf 4/5: 18 clues (63 removed) 11s
  [W13]   shuf 5/5: 19 clues (62 removed) 6s
[W13] 12/22 -- 17 clues (best:14) (46s, ETA 47min)
  [W13]   shuf 1/5: 16 clues (65 removed) 99s
  [W13]   shuf 2/5: 16 clues (65 removed) 28s
  [W13]   shuf 3/5: 16 clues (65 removed) 58s
  [W13]   shuf 4/5: 16 clues (65 removed) 107s
  [W13]   shuf 5/5: 15 clues (66 removed) 67s
[W13] 13/22 -- 15 clues (best:14) (358s, ETA 43min)
  [W13]   shuf 1/5: 15 clues (66 removed) 100s
  [W13]   shuf 2/5: 15 clues (66 removed) 44s
  [W13]   shuf 3/5: 15 clues (66 removed) 107s
  [W13]   shuf 4/5: 15 clues (66 removed) 108s
  [W13]   shuf 5/5: 16 clues (65 removed) 106s
[W13] 14/22 -- 15 clues (best:14) (464s, ETA 40min)
  [W13]   shuf 1/5: 15 clues (66 removed) 89s
  [W13]   shuf 2/5: 15 clues (66 removed) 50s
  [W13]   shuf 3/5: 15 clues (66 removed) 65s
  [W13]   shuf 4/5: 17 clues (64 removed) 111s
  [W13]   shuf 5/5: 16 clues (65 removed) 87s
[W13] 15/22 -- 15 clues (best:14) (403s, ETA 36min)
  [W13]   shuf 1/5: 17 clues (64 removed) 23s
  [W13]   shuf 2/5: 17 clues (64 removed) 3s
  [W13]   shuf 3/5: 17 clues (64 removed) 28s
  [W13]   shuf 4/5: 17 clues (64 removed) 6s
  [W13]   shuf 5/5: 17 clues (64 removed) 11s
[W13] 16/22 -- 17 clues (best:14) (70s, ETA 29min)
  [W13]   shuf 1/5: 17 clues (64 removed) 22s
  [W13]   shuf 2/5: 18 clues (63 removed) 14s
  [W13]   shuf 3/5: 17 clues (64 removed) 11s
  [W13]   shuf 4/5: 17 clues (64 removed) 7s
  [W13]   shuf 5/5: 18 clues (63 removed) 6s
[W13] 17/22 -- 17 clues (best:14) (59s, ETA 23min)
  [W13]   shuf 1/5: 18 clues (63 removed) 11s
  [W13]   shuf 2/5: 18 clues (63 removed) 9s
  [W13]   shuf 3/5: 18 clues (63 removed) 15s
  [W13]   shuf 4/5: 17 clues (64 removed) 14s
  [W13]   shuf 5/5: 17 clues (64 removed) 9s
[W13] 18/22 -- 17 clues (best:14) (57s, ETA 18min)
  [W13]   shuf 1/5: 18 clues (63 removed) 11s
  [W13]   shuf 2/5: 19 clues (62 removed) 4s
  [W13]   shuf 3/5: 19 clues (62 removed) 5s
  [W13]   shuf 4/5: 19 clues (62 removed) 4s
  [W13]   shuf 5/5: 18 clues (63 removed) 7s
[W13] 19/22 -- 18 clues (best:14) (31s, ETA 13min)
  [W13]   shuf 1/5: 15 clues (66 removed) 62s
  [W13]   shuf 2/5: 16 clues (65 removed) 104s
  [W13]   shuf 3/5: 15 clues (66 removed) 102s
  [W13]   shuf 4/5: 15 clues (66 removed) 128s
  [W13]   shuf 5/5: 16 clues (65 removed) 71s
[W13] 20/22 -- 15 clues (best:14) (467s, ETA 9min)
  [W13]   shuf 1/5: 16 clues (65 removed) 166s
  [W13]   shuf 2/5: 15 clues (66 removed) 166s
  [W13]   shuf 3/5: 15 clues (66 removed) 144s
  [W13]   shuf 4/5: 14 clues (67 removed) 142s
  [W13]   shuf 5/5: 16 clues (65 removed) 162s
[W13] 21/22 -- 14 clues (best:14) (780s, ETA 5min)
  [W13]   shuf 1/5: 16 clues (65 removed) 135s
  [W13]   shuf 2/5: 16 clues (65 removed) 137s
  [W13]   shuf 3/5: 15 clues (66 removed) 117s
  [W13]   shuf 4/5: 15 clues (66 removed) 71s
  [W13]   shuf 5/5: 15 clues (66 removed) 108s
[W13] 22/22 -- 15 clues (best:14) (568s, ETA 0min)
[W13] DONE: 22 orbits, min=14 clues, in 6684s (111.4min)
