[W11] Starting (worker 11/15)
[W11] Assigned 23 / 342 orbits
  [W11]   shuf 1/5: 15 clues (66 removed) 58s
  [W11]   shuf 2/5: 15 clues (66 removed) 107s
  [W11]   shuf 3/5: 16 clues (65 removed) 102s
  [W11]   shuf 4/5: 16 clues (65 removed) 71s
  [W11]   shuf 5/5: 15 clues (66 removed) 56s
[W11] 1/23 *** NEW MIN: 15 clues *** (393s, ETA 144min)
  [W11]   shuf 1/5: 19 clues (62 removed) 4s
  [W11]   shuf 2/5: 20 clues (61 removed) 5s
  [W11]   shuf 3/5: 20 clues (61 removed) 7s
  [W11]   shuf 4/5: 18 clues (63 removed) 7s
  [W11]   shuf 5/5: 19 clues (62 removed) 1s
[W11] 2/23 -- 18 clues (best:15) (24s, ETA 73min)
  [W11]   shuf 1/5: 16 clues (65 removed) 67s
  [W11]   shuf 2/5: 15 clues (66 removed) 152s
  [W11]   shuf 3/5: 15 clues (66 removed) 52s
  [W11]   shuf 4/5: 16 clues (65 removed) 61s
  [W11]   shuf 5/5: 15 clues (66 removed) 28s
[W11] 3/23 -- 15 clues (best:15) (361s, ETA 87min)
  [W11]   shuf 1/5: 18 clues (63 removed) 3s
  [W11]   shuf 2/5: 19 clues (62 removed) 12s
  [W11]   shuf 3/5: 19 clues (62 removed) 6s
  [W11]   shuf 4/5: 19 clues (62 removed) 7s
  [W11]   shuf 5/5: 18 clues (63 removed) 6s
[W11] 4/23 -- 18 clues (best:15) (34s, ETA 65min)
  [W11]   shuf 1/5: 19 clues (62 removed) 7s
  [W11]   shuf 2/5: 19 clues (62 removed) 7s
  [W11]   shuf 3/5: 18 clues (63 removed) 12s
  [W11]   shuf 4/5: 19 clues (62 removed) 10s
  [W11]   shuf 5/5: 20 clues (61 removed) 4s
[W11] 5/23 -- 18 clues (best:15) (40s, ETA 52min)
  [W11]   shuf 1/5: 16 clues (65 removed) 108s
  [W11]   shuf 2/5: 15 clues (66 removed) 85s
  [W11]   shuf 3/5: 16 clues (65 removed) 81s
  [W11]   shuf 4/5: 16 clues (65 removed) 104s
  [W11]   shuf 5/5: 15 clues (66 removed) 89s
[W11] 6/23 -- 15 clues (best:15) (466s, ETA 63min)
  [W11]   shuf 1/5: 16 clues (65 removed) 107s
  [W11]   shuf 2/5: 15 clues (66 removed) 135s
  [W11]   shuf 3/5: 15 clues (66 removed) 102s
  [W11]   shuf 4/5: 14 clues (67 removed) 133s
  [W11]   shuf 5/5: 16 clues (65 removed) 159s
[W11] 7/23 *** NEW MIN: 14 clues *** (636s, ETA 75min)
  [W11]   shuf 1/5: 18 clues (63 removed) 6s
  [W11]   shuf 2/5: 17 clues (64 removed) 30s
  [W11]   shuf 3/5: 17 clues (64 removed) 6s
  [W11]   shuf 4/5: 18 clues (63 removed) 8s
  [W11]   shuf 5/5: 17 clues (64 removed) 23s
[W11] 8/23 -- 17 clues (best:14) (72s, ETA 64min)
  [W11]   shuf 1/5: 14 clues (67 removed) 124s
  [W11]   shuf 2/5: 16 clues (65 removed) 130s
  [W11]   shuf 3/5: 15 clues (66 removed) 90s
  [W11]   shuf 4/5: 16 clues (65 removed) 86s
  [W11]   shuf 5/5: 14 clues (67 removed) 144s
[W11] 9/23 -- 14 clues (best:14) (574s, ETA 68min)
  [W11]   shuf 1/5: 15 clues (66 removed) 94s
  [W11]   shuf 2/5: 15 clues (66 removed) 116s
  [W11]   shuf 3/5: 17 clues (64 removed) 140s
  [W11]   shuf 4/5: 15 clues (66 removed) 88s
  [W11]   shuf 5/5: 15 clues (66 removed) 86s
[W11] 10/23 -- 15 clues (best:14) (524s, ETA 68min)
  [W11]   shuf 1/5: 15 clues (66 removed) 76s
  [W11]   shuf 2/5: 16 clues (65 removed) 99s
  [W11]   shuf 3/5: 16 clues (65 removed) 72s
  [W11]   shuf 4/5: 16 clues (65 removed) 75s
  [W11]   shuf 5/5: 16 clues (65 removed) 100s
[W11] 11/23 -- 15 clues (best:14) (423s, ETA 65min)
  [W11]   shuf 1/5: 16 clues (65 removed) 64s
  [W11]   shuf 2/5: 15 clues (66 removed) 47s
  [W11]   shuf 3/5: 15 clues (66 removed) 73s
  [W11]   shuf 4/5: 15 clues (66 removed) 75s
  [W11]   shuf 5/5: 15 clues (66 removed) 64s
[W11] 12/23 -- 15 clues (best:14) (324s, ETA 60min)
  [W11]   shuf 1/5: 17 clues (64 removed) 19s
  [W11]   shuf 2/5: 15 clues (66 removed) 106s
  [W11]   shuf 3/5: 17 clues (64 removed) 87s
  [W11]   shuf 4/5: 15 clues (66 removed) 70s
  [W11]   shuf 5/5: 16 clues (65 removed) 33s
[W11] 13/23 -- 15 clues (best:14) (315s, ETA 54min)
  [W11]   shuf 1/5: 15 clues (66 removed) 102s
  [W11]   shuf 2/5: 15 clues (66 removed) 115s
  [W11]   shuf 3/5: 15 clues (66 removed) 55s
  [W11]   shuf 4/5: 16 clues (65 removed) 108s
  [W11]   shuf 5/5: 15 clues (66 removed) 125s
[W11] 14/23 -- 15 clues (best:14) (505s, ETA 51min)
  [W11]   shuf 1/5: 16 clues (65 removed) 19s
  [W11]   shuf 2/5: 16 clues (65 removed) 7s
  [W11]   shuf 3/5: 17 clues (64 removed) 20s
  [W11]   shuf 4/5: 16 clues (65 removed) 73s
  [W11]   shuf 5/5: 16 clues (65 removed) 58s
[W11] 15/23 -- 16 clues (best:14) (176s, ETA 44min)
  [W11]   shuf 1/5: 19 clues (62 removed) 4s
  [W11]   shuf 2/5: 19 clues (62 removed) 9s
  [W11]   shuf 3/5: 18 clues (63 removed) 9s
  [W11]   shuf 4/5: 19 clues (62 removed) 10s
  [W11]   shuf 5/5: 19 clues (62 removed) 6s
[W11] 16/23 -- 18 clues (best:14) (39s, ETA 36min)
  [W11]   shuf 1/5: 16 clues (65 removed) 94s
  [W11]   shuf 2/5: 16 clues (65 removed) 74s
  [W11]   shuf 3/5: 15 clues (66 removed) 78s
  [W11]   shuf 4/5: 15 clues (66 removed) 92s
  [W11]   shuf 5/5: 14 clues (67 removed) 74s
[W11] 17/23 -- 14 clues (best:14) (412s, ETA 31min)
  [W11]   shuf 1/5: 21 clues (60 removed) 1s
  [W11]   shuf 2/5: 21 clues (60 removed) 2s
  [W11]   shuf 3/5: 21 clues (60 removed) 1s
  [W11]   shuf 4/5: 21 clues (60 removed) 4s
  [W11]   shuf 5/5: 21 clues (60 removed) 2s
[W11] 18/23 -- 21 clues (best:14) (10s, ETA 25min)
  [W11]   shuf 1/5: 15 clues (66 removed) 112s
  [W11]   shuf 2/5: 15 clues (66 removed) 96s
  [W11]   shuf 3/5: 16 clues (65 removed) 150s
  [W11]   shuf 4/5: 16 clues (65 removed) 92s
  [W11]   shuf 5/5: 15 clues (66 removed) 129s
[W11] 19/23 -- 15 clues (best:14) (579s, ETA 21min)
  [W11]   shuf 1/5: 17 clues (64 removed) 9s
  [W11]   shuf 2/5: 17 clues (64 removed) 8s
  [W11]   shuf 3/5: 18 clues (63 removed) 13s
  [W11]   shuf 4/5: 17 clues (64 removed) 47s
  [W11]   shuf 5/5: 18 clues (63 removed) 7s
[W11] 20/23 -- 17 clues (best:14) (84s, ETA 15min)
  [W11]   shuf 1/5: 18 clues (63 removed) 9s
  [W11]   shuf 2/5: 17 clues (64 removed) 14s
  [W11]   shuf 3/5: 17 clues (64 removed) 15s
  [W11]   shuf 4/5: 19 clues (62 removed) 3s
  [W11]   shuf 5/5: 19 clues (62 removed) 6s
[W11] 21/23 -- 17 clues (best:14) (46s, ETA 10min)
  [W11]   shuf 1/5: 22 clues (59 removed) 1s
  [W11]   shuf 2/5: 22 clues (59 removed) 1s
  [W11]   shuf 3/5: 22 clues (59 removed) 1s
  [W11]   shuf 4/5: 22 clues (59 removed) 1s
  [W11]   shuf 5/5: 22 clues (59 removed) 1s
[W11] 22/23 -- 22 clues (best:14) (5s, ETA 5min)
  [W11]   shuf 1/5: 16 clues (65 removed) 114s
  [W11]   shuf 2/5: 16 clues (65 removed) 68s
  [W11]   shuf 3/5: 15 clues (66 removed) 123s
  [W11]   shuf 4/5: 14 clues (67 removed) 105s
  [W11]   shuf 5/5: 15 clues (66 removed) 35s
[W11] 23/23 -- 14 clues (best:14) (446s, ETA 0min)
[W11] DONE: 23 orbits, min=14 clues, in 6535s (108.9min)
